{
"contracts/SingularityFactory.sol":{"l":{"27":128,"28":126,"32":63,"33":63,"34":63,"35":63,"36":63,"37":63,"38":63,"39":63,"55":67,"56":67,"57":66,"58":65,"59":64,"60":64,"61":64,"62":64,"63":64,"64":64,"68":1,"72":64,"76":2,"77":1,"81":2,"82":1,"86":2,"87":1,"91":21,"92":21,"96":0,"97":0,"101":0,"102":0,"106":1,"107":1,"108":3,"109":3,"114":23,"115":23,"116":23,"117":65,"118":65,"119":65,"120":65,"125":3,"126":2,"127":2,"128":2,"129":1,"130":1,"131":1,"132":1,"137":1,"138":1,"139":1,"140":1,"141":1,"142":1,"143":1,"148":4,"149":4,"150":12,"151":12},"path":"/Users/alanguo/Documents/GitHub/revenant/singularity-v2/contracts/SingularityFactory.sol","s":{"1":128,"2":63,"3":63,"4":63,"5":63,"6":63,"7":63,"8":63,"9":63,"10":67,"11":67,"12":66,"13":65,"14":64,"15":64,"16":64,"17":64,"18":64,"19":1,"20":64,"21":2,"22":1,"23":2,"24":1,"25":2,"26":1,"27":21,"28":21,"29":0,"30":0,"31":0,"32":0,"33":1,"34":1,"35":3,"36":23,"37":23,"38":23,"39":65,"40":65,"41":65,"42":3,"43":2,"44":2,"45":2,"46":1,"47":1,"48":1,"49":1,"50":1,"51":1,"52":1,"53":1,"54":1,"55":4,"56":4,"57":12},"b":{"1":[126,2],"2":[63,0],"3":[63,0],"4":[63,0],"5":[63,0],"6":[67,0],"7":[66,1],"8":[65,1],"9":[64,1],"10":[1,1],"11":[1,1],"12":[1,1],"13":[21,0],"14":[0,0],"15":[0,0],"16":[23,0],"17":[65,0],"18":[2,1],"19":[1,1],"20":[1,0],"21":[1,0],"22":[1,0]},"f":{"1":128,"2":63,"3":67,"4":1,"5":64,"6":2,"7":2,"8":2,"9":21,"10":0,"11":0,"12":1,"13":23,"14":3,"15":1,"16":4},"fnMap":{"1":{"name":"onlyAdmin","line":26,"loc":{"start":{"line":26,"column":4},"end":{"line":29,"column":4}}},"2":{"name":"constructor","line":31,"loc":{"start":{"line":31,"column":4},"end":{"line":40,"column":4}}},"3":{"name":"createPool","line":54,"loc":{"start":{"line":50,"column":4},"end":{"line":65,"column":4}}},"4":{"name":"allPoolsLength","line":67,"loc":{"start":{"line":67,"column":4},"end":{"line":69,"column":4}}},"5":{"name":"poolCodeHash","line":71,"loc":{"start":{"line":71,"column":4},"end":{"line":73,"column":4}}},"6":{"name":"setAdmin","line":75,"loc":{"start":{"line":75,"column":4},"end":{"line":78,"column":4}}},"7":{"name":"setOracle","line":80,"loc":{"start":{"line":80,"column":4},"end":{"line":83,"column":4}}},"8":{"name":"setFeeTo","line":85,"loc":{"start":{"line":85,"column":4},"end":{"line":88,"column":4}}},"9":{"name":"setRouter","line":90,"loc":{"start":{"line":90,"column":4},"end":{"line":93,"column":4}}},"10":{"name":"setProtocolFeeShare","line":95,"loc":{"start":{"line":95,"column":4},"end":{"line":98,"column":4}}},"11":{"name":"setOracleSens","line":100,"loc":{"start":{"line":100,"column":4},"end":{"line":103,"column":4}}},"12":{"name":"collectFees","line":105,"loc":{"start":{"line":105,"column":4},"end":{"line":111,"column":4}}},"13":{"name":"setDepositCaps","line":113,"loc":{"start":{"line":113,"column":4},"end":{"line":122,"column":4}}},"14":{"name":"setBaseFees","line":124,"loc":{"start":{"line":124,"column":4},"end":{"line":134,"column":4}}},"15":{"name":"setPaused","line":136,"loc":{"start":{"line":136,"column":4},"end":{"line":145,"column":4}}},"16":{"name":"setPausedForAll","line":147,"loc":{"start":{"line":147,"column":4},"end":{"line":153,"column":4}}}},"statementMap":{"1":{"start":{"line":27,"column":8},"end":{"line":27,"column":68}},"2":{"start":{"line":32,"column":8},"end":{"line":32,"column":83}},"3":{"start":{"line":33,"column":8},"end":{"line":33,"column":70}},"4":{"start":{"line":34,"column":8},"end":{"line":34,"column":72}},"5":{"start":{"line":35,"column":8},"end":{"line":35,"column":71}},"6":{"start":{"line":36,"column":8},"end":{"line":36,"column":25}},"7":{"start":{"line":37,"column":8},"end":{"line":37,"column":21}},"8":{"start":{"line":38,"column":8},"end":{"line":38,"column":23}},"9":{"start":{"line":39,"column":8},"end":{"line":39,"column":21}},"10":{"start":{"line":55,"column":8},"end":{"line":55,"column":71}},"11":{"start":{"line":56,"column":8},"end":{"line":56,"column":71}},"12":{"start":{"line":57,"column":8},"end":{"line":57,"column":79}},"13":{"start":{"line":58,"column":8},"end":{"line":58,"column":60}},"14":{"start":{"line":59,"column":8},"end":{"line":59,"column":92}},"15":{"start":{"line":60,"column":8},"end":{"line":60,"column":86}},"16":{"start":{"line":62,"column":8},"end":{"line":62,"column":28}},"17":{"start":{"line":63,"column":8},"end":{"line":63,"column":26}},"18":{"start":{"line":64,"column":8},"end":{"line":64,"column":77}},"19":{"start":{"line":68,"column":8},"end":{"line":68,"column":30}},"20":{"start":{"line":72,"column":8},"end":{"line":72,"column":60}},"21":{"start":{"line":76,"column":8},"end":{"line":76,"column":72}},"22":{"start":{"line":77,"column":8},"end":{"line":77,"column":21}},"23":{"start":{"line":81,"column":8},"end":{"line":81,"column":73}},"24":{"start":{"line":82,"column":8},"end":{"line":82,"column":23}},"25":{"start":{"line":86,"column":8},"end":{"line":86,"column":72}},"26":{"start":{"line":87,"column":8},"end":{"line":87,"column":21}},"27":{"start":{"line":91,"column":8},"end":{"line":91,"column":73}},"28":{"start":{"line":92,"column":8},"end":{"line":92,"column":23}},"29":{"start":{"line":96,"column":8},"end":{"line":96,"column":89}},"30":{"start":{"line":97,"column":8},"end":{"line":97,"column":43}},"31":{"start":{"line":101,"column":8},"end":{"line":101,"column":72}},"32":{"start":{"line":102,"column":8},"end":{"line":102,"column":31}},"33":{"start":{"line":106,"column":8},"end":{"line":106,"column":40}},"34":{"start":{"line":107,"column":8},"end":{"line":107,"column":4106}},"35":{"start":{"line":108,"column":12},"end":{"line":108,"column":54}},"36":{"start":{"line":114,"column":8},"end":{"line":114,"column":83}},"37":{"start":{"line":115,"column":8},"end":{"line":115,"column":38}},"38":{"start":{"line":116,"column":8},"end":{"line":116,"column":4486}},"39":{"start":{"line":117,"column":12},"end":{"line":117,"column":45}},"40":{"start":{"line":118,"column":12},"end":{"line":118,"column":79}},"41":{"start":{"line":119,"column":12},"end":{"line":119,"column":56}},"42":{"start":{"line":125,"column":8},"end":{"line":125,"column":87}},"43":{"start":{"line":126,"column":8},"end":{"line":126,"column":38}},"44":{"start":{"line":127,"column":8},"end":{"line":127,"column":5002}},"45":{"start":{"line":128,"column":12},"end":{"line":128,"column":73}},"46":{"start":{"line":129,"column":12},"end":{"line":129,"column":45}},"47":{"start":{"line":130,"column":12},"end":{"line":130,"column":79}},"48":{"start":{"line":131,"column":12},"end":{"line":131,"column":57}},"49":{"start":{"line":137,"column":8},"end":{"line":137,"column":85}},"50":{"start":{"line":138,"column":8},"end":{"line":138,"column":38}},"51":{"start":{"line":139,"column":8},"end":{"line":139,"column":5586}},"52":{"start":{"line":140,"column":12},"end":{"line":140,"column":45}},"53":{"start":{"line":141,"column":12},"end":{"line":141,"column":79}},"54":{"start":{"line":142,"column":12},"end":{"line":142,"column":54}},"55":{"start":{"line":148,"column":8},"end":{"line":148,"column":40}},"56":{"start":{"line":149,"column":8},"end":{"line":149,"column":5972}},"57":{"start":{"line":150,"column":12},"end":{"line":150,"column":57}}},"branchMap":{"1":{"line":27,"type":"if","locations":[{"start":{"line":27,"column":8},"end":{"line":27,"column":8}},{"start":{"line":27,"column":8},"end":{"line":27,"column":8}}]},"2":{"line":32,"type":"if","locations":[{"start":{"line":32,"column":8},"end":{"line":32,"column":8}},{"start":{"line":32,"column":8},"end":{"line":32,"column":8}}]},"3":{"line":33,"type":"if","locations":[{"start":{"line":33,"column":8},"end":{"line":33,"column":8}},{"start":{"line":33,"column":8},"end":{"line":33,"column":8}}]},"4":{"line":34,"type":"if","locations":[{"start":{"line":34,"column":8},"end":{"line":34,"column":8}},{"start":{"line":34,"column":8},"end":{"line":34,"column":8}}]},"5":{"line":35,"type":"if","locations":[{"start":{"line":35,"column":8},"end":{"line":35,"column":8}},{"start":{"line":35,"column":8},"end":{"line":35,"column":8}}]},"6":{"line":55,"type":"if","locations":[{"start":{"line":55,"column":8},"end":{"line":55,"column":8}},{"start":{"line":55,"column":8},"end":{"line":55,"column":8}}]},"7":{"line":56,"type":"if","locations":[{"start":{"line":56,"column":8},"end":{"line":56,"column":8}},{"start":{"line":56,"column":8},"end":{"line":56,"column":8}}]},"8":{"line":57,"type":"if","locations":[{"start":{"line":57,"column":8},"end":{"line":57,"column":8}},{"start":{"line":57,"column":8},"end":{"line":57,"column":8}}]},"9":{"line":58,"type":"if","locations":[{"start":{"line":58,"column":8},"end":{"line":58,"column":8}},{"start":{"line":58,"column":8},"end":{"line":58,"column":8}}]},"10":{"line":76,"type":"if","locations":[{"start":{"line":76,"column":8},"end":{"line":76,"column":8}},{"start":{"line":76,"column":8},"end":{"line":76,"column":8}}]},"11":{"line":81,"type":"if","locations":[{"start":{"line":81,"column":8},"end":{"line":81,"column":8}},{"start":{"line":81,"column":8},"end":{"line":81,"column":8}}]},"12":{"line":86,"type":"if","locations":[{"start":{"line":86,"column":8},"end":{"line":86,"column":8}},{"start":{"line":86,"column":8},"end":{"line":86,"column":8}}]},"13":{"line":91,"type":"if","locations":[{"start":{"line":91,"column":8},"end":{"line":91,"column":8}},{"start":{"line":91,"column":8},"end":{"line":91,"column":8}}]},"14":{"line":96,"type":"if","locations":[{"start":{"line":96,"column":8},"end":{"line":96,"column":8}},{"start":{"line":96,"column":8},"end":{"line":96,"column":8}}]},"15":{"line":101,"type":"if","locations":[{"start":{"line":101,"column":8},"end":{"line":101,"column":8}},{"start":{"line":101,"column":8},"end":{"line":101,"column":8}}]},"16":{"line":114,"type":"if","locations":[{"start":{"line":114,"column":8},"end":{"line":114,"column":8}},{"start":{"line":114,"column":8},"end":{"line":114,"column":8}}]},"17":{"line":118,"type":"if","locations":[{"start":{"line":118,"column":12},"end":{"line":118,"column":12}},{"start":{"line":118,"column":12},"end":{"line":118,"column":12}}]},"18":{"line":125,"type":"if","locations":[{"start":{"line":125,"column":8},"end":{"line":125,"column":8}},{"start":{"line":125,"column":8},"end":{"line":125,"column":8}}]},"19":{"line":128,"type":"if","locations":[{"start":{"line":128,"column":12},"end":{"line":128,"column":12}},{"start":{"line":128,"column":12},"end":{"line":128,"column":12}}]},"20":{"line":130,"type":"if","locations":[{"start":{"line":130,"column":12},"end":{"line":130,"column":12}},{"start":{"line":130,"column":12},"end":{"line":130,"column":12}}]},"21":{"line":137,"type":"if","locations":[{"start":{"line":137,"column":8},"end":{"line":137,"column":8}},{"start":{"line":137,"column":8},"end":{"line":137,"column":8}}]},"22":{"line":141,"type":"if","locations":[{"start":{"line":141,"column":12},"end":{"line":141,"column":12}},{"start":{"line":141,"column":12},"end":{"line":141,"column":12}}]}}},
"contracts/SingularityOracle.sol":{"l":{"28":63,"29":63,"34":61,"35":61,"36":61,"37":0,"40":61,"41":61,"42":61,"43":61,"44":61,"45":60,"49":1,"50":1,"51":1,"52":1,"53":2,"54":2,"55":2,"56":2,"61":90,"62":90,"63":90,"64":90,"68":24,"69":24,"70":24,"71":90,"72":90,"77":0,"78":0,"82":0,"83":0,"84":0,"88":88,"89":88,"90":88,"94":0,"95":0,"96":0,"97":0,"98":0,"103":0,"104":0,"105":0,"109":21,"110":21,"114":61,"115":61,"116":61,"117":61,"118":61,"119":61,"120":61,"122":0,"125":61},"path":"/Users/alanguo/Documents/GitHub/revenant/singularity-v2/contracts/SingularityOracle.sol","s":{"1":63,"2":63,"3":61,"4":61,"5":61,"6":0,"7":61,"8":61,"9":61,"10":61,"11":61,"12":60,"13":1,"14":1,"15":1,"16":1,"17":2,"18":2,"19":2,"20":90,"21":90,"22":90,"23":90,"24":24,"25":24,"26":24,"27":90,"28":0,"29":0,"30":0,"31":0,"32":0,"33":88,"34":88,"35":88,"36":0,"37":0,"38":0,"39":0,"40":0,"41":0,"42":0,"43":21,"44":21,"45":61,"46":61,"47":61,"48":61,"49":61,"50":61,"51":61,"52":0,"53":61},"b":{"1":[63,0],"2":[61,0],"3":[0,61],"4":[60,1],"5":[90,0],"6":[90,0],"7":[24,0],"8":[0,0],"9":[0,0],"10":[0,0],"11":[88,0],"12":[88,0],"13":[0,0],"14":[0,0],"15":[0,0],"16":[21,0],"17":[61,0],"18":[61,0]},"f":{"1":63,"2":61,"3":1,"4":90,"5":24,"6":0,"7":0,"8":88,"9":0,"10":0,"11":21,"12":61},"fnMap":{"1":{"name":"constructor","line":27,"loc":{"start":{"line":27,"column":1},"end":{"line":30,"column":1}}},"2":{"name":"getLatestRound","line":33,"loc":{"start":{"line":33,"column":1},"end":{"line":46,"column":1}}},"3":{"name":"getLatestRounds","line":48,"loc":{"start":{"line":48,"column":1},"end":{"line":58,"column":1}}},"4":{"name":"pushPrice","line":60,"loc":{"start":{"line":60,"column":1},"end":{"line":65,"column":1}}},"5":{"name":"pushPrices","line":67,"loc":{"start":{"line":67,"column":1},"end":{"line":74,"column":1}}},"6":{"name":"setOnlyUseChainlink","line":76,"loc":{"start":{"line":76,"column":1},"end":{"line":79,"column":1}}},"7":{"name":"setMaxPriceTolerance","line":81,"loc":{"start":{"line":81,"column":1},"end":{"line":85,"column":1}}},"8":{"name":"setChainlinkFeed","line":87,"loc":{"start":{"line":87,"column":1},"end":{"line":91,"column":1}}},"9":{"name":"setChainlinkFeeds","line":93,"loc":{"start":{"line":93,"column":1},"end":{"line":100,"column":1}}},"10":{"name":"setAdmin","line":102,"loc":{"start":{"line":102,"column":1},"end":{"line":106,"column":1}}},"11":{"name":"setPusher","line":108,"loc":{"start":{"line":108,"column":1},"end":{"line":111,"column":1}}},"12":{"name":"_getChainlinkData","line":113,"loc":{"start":{"line":113,"column":1},"end":{"line":126,"column":1}}}},"statementMap":{"1":{"start":{"line":28,"column":2},"end":{"line":28,"column":63}},"2":{"start":{"line":29,"column":2},"end":{"line":29,"column":15}},"3":{"start":{"line":34,"column":2},"end":{"line":34,"column":73}},"4":{"start":{"line":35,"column":2},"end":{"line":35,"column":72}},"5":{"start":{"line":36,"column":2},"end":{"line":36,"column":1035}},"6":{"start":{"line":37,"column":3},"end":{"line":37,"column":38}},"7":{"start":{"line":40,"column":2},"end":{"line":40,"column":46}},"8":{"start":{"line":41,"column":2},"end":{"line":41,"column":40}},"9":{"start":{"line":42,"column":2},"end":{"line":42,"column":94}},"10":{"start":{"line":43,"column":2},"end":{"line":43,"column":59}},"11":{"start":{"line":44,"column":2},"end":{"line":44,"column":93}},"12":{"start":{"line":45,"column":2},"end":{"line":45,"column":48}},"13":{"start":{"line":49,"column":2},"end":{"line":49,"column":38}},"14":{"start":{"line":50,"column":2},"end":{"line":50,"column":42}},"15":{"start":{"line":51,"column":2},"end":{"line":51,"column":32}},"16":{"start":{"line":52,"column":2},"end":{"line":52,"column":1766}},"17":{"start":{"line":53,"column":3},"end":{"line":53,"column":65}},"18":{"start":{"line":54,"column":3},"end":{"line":54,"column":19}},"19":{"start":{"line":55,"column":3},"end":{"line":55,"column":27}},"20":{"start":{"line":61,"column":2},"end":{"line":61,"column":62}},"21":{"start":{"line":62,"column":2},"end":{"line":62,"column":54}},"22":{"start":{"line":63,"column":2},"end":{"line":63,"column":48}},"23":{"start":{"line":64,"column":2},"end":{"line":64,"column":92}},"24":{"start":{"line":68,"column":2},"end":{"line":68,"column":78}},"25":{"start":{"line":69,"column":2},"end":{"line":69,"column":32}},"26":{"start":{"line":70,"column":2},"end":{"line":70,"column":2481}},"27":{"start":{"line":71,"column":3},"end":{"line":71,"column":33}},"28":{"start":{"line":77,"column":2},"end":{"line":77,"column":61}},"29":{"start":{"line":78,"column":2},"end":{"line":78,"column":37}},"30":{"start":{"line":82,"column":2},"end":{"line":82,"column":61}},"31":{"start":{"line":83,"column":2},"end":{"line":83,"column":104}},"32":{"start":{"line":84,"column":2},"end":{"line":84,"column":39}},"33":{"start":{"line":88,"column":2},"end":{"line":88,"column":61}},"34":{"start":{"line":89,"column":2},"end":{"line":89,"column":70}},"35":{"start":{"line":90,"column":2},"end":{"line":90,"column":29}},"36":{"start":{"line":94,"column":2},"end":{"line":94,"column":77}},"37":{"start":{"line":95,"column":2},"end":{"line":95,"column":32}},"38":{"start":{"line":96,"column":2},"end":{"line":96,"column":3484}},"39":{"start":{"line":97,"column":3},"end":{"line":97,"column":39}},"40":{"start":{"line":103,"column":2},"end":{"line":103,"column":61}},"41":{"start":{"line":104,"column":2},"end":{"line":104,"column":63}},"42":{"start":{"line":105,"column":2},"end":{"line":105,"column":15}},"43":{"start":{"line":109,"column":2},"end":{"line":109,"column":61}},"44":{"start":{"line":110,"column":2},"end":{"line":110,"column":28}},"45":{"start":{"line":114,"column":2},"end":{"line":114,"column":87}},"46":{"start":{"line":115,"column":2},"end":{"line":115,"column":99}},"47":{"start":{"line":116,"column":8},"end":{"line":116,"column":49}},"48":{"start":{"line":117,"column":8},"end":{"line":117,"column":73}},"49":{"start":{"line":118,"column":2},"end":{"line":118,"column":12}},"50":{"start":{"line":119,"column":8},"end":{"line":119,"column":4372}},"51":{"start":{"line":120,"column":3},"end":{"line":120,"column":47}},"52":{"start":{"line":122,"column":3},"end":{"line":122,"column":47}},"53":{"start":{"line":125,"column":2},"end":{"line":125,"column":27}}},"branchMap":{"1":{"line":28,"type":"if","locations":[{"start":{"line":28,"column":2},"end":{"line":28,"column":2}},{"start":{"line":28,"column":2},"end":{"line":28,"column":2}}]},"2":{"line":35,"type":"if","locations":[{"start":{"line":35,"column":2},"end":{"line":35,"column":2}},{"start":{"line":35,"column":2},"end":{"line":35,"column":2}}]},"3":{"line":36,"type":"if","locations":[{"start":{"line":36,"column":2},"end":{"line":36,"column":2}},{"start":{"line":36,"column":2},"end":{"line":36,"column":2}}]},"4":{"line":44,"type":"if","locations":[{"start":{"line":44,"column":2},"end":{"line":44,"column":2}},{"start":{"line":44,"column":2},"end":{"line":44,"column":2}}]},"5":{"line":61,"type":"if","locations":[{"start":{"line":61,"column":2},"end":{"line":61,"column":2}},{"start":{"line":61,"column":2},"end":{"line":61,"column":2}}]},"6":{"line":62,"type":"if","locations":[{"start":{"line":62,"column":2},"end":{"line":62,"column":2}},{"start":{"line":62,"column":2},"end":{"line":62,"column":2}}]},"7":{"line":68,"type":"if","locations":[{"start":{"line":68,"column":2},"end":{"line":68,"column":2}},{"start":{"line":68,"column":2},"end":{"line":68,"column":2}}]},"8":{"line":77,"type":"if","locations":[{"start":{"line":77,"column":2},"end":{"line":77,"column":2}},{"start":{"line":77,"column":2},"end":{"line":77,"column":2}}]},"9":{"line":82,"type":"if","locations":[{"start":{"line":82,"column":2},"end":{"line":82,"column":2}},{"start":{"line":82,"column":2},"end":{"line":82,"column":2}}]},"10":{"line":83,"type":"if","locations":[{"start":{"line":83,"column":2},"end":{"line":83,"column":2}},{"start":{"line":83,"column":2},"end":{"line":83,"column":2}}]},"11":{"line":88,"type":"if","locations":[{"start":{"line":88,"column":2},"end":{"line":88,"column":2}},{"start":{"line":88,"column":2},"end":{"line":88,"column":2}}]},"12":{"line":89,"type":"if","locations":[{"start":{"line":89,"column":2},"end":{"line":89,"column":2}},{"start":{"line":89,"column":2},"end":{"line":89,"column":2}}]},"13":{"line":94,"type":"if","locations":[{"start":{"line":94,"column":2},"end":{"line":94,"column":2}},{"start":{"line":94,"column":2},"end":{"line":94,"column":2}}]},"14":{"line":103,"type":"if","locations":[{"start":{"line":103,"column":2},"end":{"line":103,"column":2}},{"start":{"line":103,"column":2},"end":{"line":103,"column":2}}]},"15":{"line":104,"type":"if","locations":[{"start":{"line":104,"column":2},"end":{"line":104,"column":2}},{"start":{"line":104,"column":2},"end":{"line":104,"column":2}}]},"16":{"line":109,"type":"if","locations":[{"start":{"line":109,"column":2},"end":{"line":109,"column":2}},{"start":{"line":109,"column":2},"end":{"line":109,"column":2}}]},"17":{"line":114,"type":"if","locations":[{"start":{"line":114,"column":2},"end":{"line":114,"column":2}},{"start":{"line":114,"column":2},"end":{"line":114,"column":2}}]},"18":{"line":119,"type":"if","locations":[{"start":{"line":119,"column":8},"end":{"line":119,"column":8}},{"start":{"line":119,"column":8},"end":{"line":119,"column":8}}]}}},
"contracts/SingularityPool.sol":{"l":{"33":49,"34":47,"38":82,"39":82,"43":14,"44":14,"48":64,"49":64,"50":64,"51":64,"52":64,"57":64,"62":64,"63":64,"67":24,"68":23,"71":22,"73":22,"74":19,"77":19,"80":19,"81":19,"84":3,"85":3,"86":3,"89":3,"92":3,"95":3,"96":3,"99":22,"103":9,"106":8,"109":8,"112":8,"115":8,"116":8,"117":8,"120":8,"123":8,"124":8,"126":8,"130":7,"131":7,"134":7,"135":7,"136":7,"139":7,"140":7,"141":7,"142":7,"143":7,"146":7,"148":7,"152":7,"153":7,"156":7,"157":7,"160":7,"161":7,"162":7,"163":7,"164":7,"167":7,"170":7,"172":7,"180":24,"181":1,"183":23,"192":93,"199":46,"200":1,"202":45,"203":45,"208":58,"209":57,"217":18,"218":18,"219":18,"220":17,"222":1,"231":18,"232":18,"233":18,"234":17,"236":1,"245":4,"247":3,"248":3,"249":3,"250":3,"251":3,"253":3,"254":2,"256":1,"264":8,"266":8,"267":8,"268":8,"269":8,"270":8,"272":8,"273":7,"275":1,"280":18,"282":17,"283":17,"284":17,"285":17,"286":0,"290":17,"291":17,"292":17,"295":17,"299":19,"300":18,"302":17,"303":17,"304":17,"305":17,"306":0,"310":17,"311":17,"312":17,"315":17,"319":39,"320":19,"322":20,"323":20,"324":20,"325":20,"326":1,"328":1,"330":18,"336":35,"338":35,"339":35,"340":0,"342":35,"343":35,"344":35,"345":35,"356":93,"357":93,"358":93,"362":45,"363":3,"365":42,"372":3,"373":2,"374":2,"375":2,"380":65,"384":1,"388":13},"path":"/Users/alanguo/Documents/GitHub/revenant/singularity-v2/contracts/SingularityPool.sol","s":{"1":49,"2":82,"3":14,"4":64,"5":64,"6":64,"7":64,"8":64,"9":64,"10":64,"11":64,"12":24,"13":23,"14":22,"15":22,"16":19,"17":19,"18":19,"19":19,"20":3,"21":3,"22":3,"23":3,"24":3,"25":3,"26":3,"27":22,"28":9,"29":8,"30":8,"31":8,"32":8,"33":8,"34":8,"35":8,"36":8,"37":8,"38":8,"39":7,"40":7,"41":7,"42":7,"43":7,"44":7,"45":7,"46":7,"47":7,"48":7,"49":7,"50":7,"51":7,"52":7,"53":7,"54":7,"55":7,"56":7,"57":7,"58":7,"59":7,"60":7,"61":7,"62":7,"63":24,"64":1,"65":23,"66":93,"67":46,"68":1,"69":45,"70":45,"71":58,"72":57,"73":18,"74":18,"75":18,"76":17,"77":1,"78":18,"79":18,"80":18,"81":17,"82":1,"83":4,"84":1,"85":3,"86":3,"87":3,"88":3,"89":3,"90":3,"91":2,"92":1,"93":8,"94":0,"95":8,"96":8,"97":8,"98":8,"99":8,"100":8,"101":7,"102":1,"103":18,"104":1,"105":17,"106":17,"107":17,"108":17,"109":0,"110":17,"111":17,"112":17,"113":17,"114":19,"115":1,"116":18,"117":1,"118":17,"119":17,"120":17,"121":17,"122":0,"123":17,"124":17,"125":17,"126":17,"127":39,"128":19,"129":20,"130":20,"131":20,"132":20,"133":1,"134":19,"135":1,"136":18,"137":35,"138":0,"139":35,"140":35,"141":0,"142":35,"143":35,"144":35,"145":35,"146":93,"147":93,"148":93,"149":45,"150":3,"151":42,"152":3,"153":2,"154":2,"155":2,"156":65,"157":1,"158":13},"b":{"1":[47,2],"2":[82,0],"3":[14,0],"4":[23,1],"5":[22,1],"6":[19,3],"7":[8,1],"8":[7,0],"9":[7,0],"10":[7,0],"11":[7,0],"12":[1,23],"13":[1,45],"14":[57,0],"15":[17,1],"16":[17,1],"17":[1,3],"18":[2,1],"19":[0,8],"20":[7,1],"21":[1,17],"22":[0,17],"23":[1,18],"24":[1,17],"25":[0,17],"26":[19,20],"27":[1,19],"28":[1,18],"29":[0,35],"30":[0,35],"31":[3,42],"32":[2,1]},"f":{"1":49,"2":82,"3":14,"4":64,"5":24,"6":9,"7":7,"8":7,"9":24,"10":93,"11":46,"12":58,"13":18,"14":18,"15":4,"16":8,"17":18,"18":19,"19":39,"20":35,"21":93,"22":45,"23":3,"24":65,"25":1,"26":13},"fnMap":{"1":{"name":"notPaused","line":32,"loc":{"start":{"line":32,"column":4},"end":{"line":35,"column":4}}},"2":{"name":"onlyFactory","line":37,"loc":{"start":{"line":37,"column":4},"end":{"line":40,"column":4}}},"3":{"name":"onlyRouter","line":42,"loc":{"start":{"line":42,"column":4},"end":{"line":45,"column":4}}},"4":{"name":"constructor","line":47,"loc":{"start":{"line":47,"column":4},"end":{"line":64,"column":4}}},"5":{"name":"deposit","line":66,"loc":{"start":{"line":66,"column":4},"end":{"line":100,"column":4}}},"6":{"name":"withdraw","line":102,"loc":{"start":{"line":102,"column":4},"end":{"line":127,"column":4}}},"7":{"name":"swapIn","line":129,"loc":{"start":{"line":129,"column":4},"end":{"line":149,"column":4}}},"8":{"name":"swapOut","line":151,"loc":{"start":{"line":151,"column":4},"end":{"line":173,"column":4}}},"9":{"name":"getPricePerShare","line":179,"loc":{"start":{"line":179,"column":4},"end":{"line":185,"column":4}}},"10":{"name":"getAssetsAndLiabilities","line":191,"loc":{"start":{"line":191,"column":4},"end":{"line":193,"column":4}}},"11":{"name":"getCollateralizationRatio","line":198,"loc":{"start":{"line":198,"column":4},"end":{"line":205,"column":4}}},"12":{"name":"getOracleData","line":207,"loc":{"start":{"line":207,"column":4},"end":{"line":210,"column":4}}},"13":{"name":"getAmountToUSD","line":216,"loc":{"start":{"line":216,"column":4},"end":{"line":224,"column":4}}},"14":{"name":"getUSDToAmount","line":230,"loc":{"start":{"line":230,"column":4},"end":{"line":238,"column":4}}},"15":{"name":"getDepositFee","line":244,"loc":{"start":{"line":244,"column":4},"end":{"line":258,"column":4}}},"16":{"name":"getWithdrawalFee","line":263,"loc":{"start":{"line":263,"column":4},"end":{"line":277,"column":4}}},"17":{"name":"getSlippageIn","line":279,"loc":{"start":{"line":279,"column":4},"end":{"line":296,"column":4}}},"18":{"name":"getSlippageOut","line":298,"loc":{"start":{"line":298,"column":4},"end":{"line":316,"column":4}}},"19":{"name":"getTradingFeeRate","line":318,"loc":{"start":{"line":318,"column":4},"end":{"line":333,"column":4}}},"20":{"name":"getTradingFees","line":335,"loc":{"start":{"line":335,"column":4},"end":{"line":346,"column":4}}},"21":{"name":"_getG","line":355,"loc":{"start":{"line":355,"column":4},"end":{"line":359,"column":4}}},"22":{"name":"_calcCollatalizationRatio","line":361,"loc":{"start":{"line":361,"column":4},"end":{"line":367,"column":4}}},"23":{"name":"collectFees","line":371,"loc":{"start":{"line":371,"column":4},"end":{"line":377,"column":4}}},"24":{"name":"setDepositCap","line":379,"loc":{"start":{"line":379,"column":4},"end":{"line":381,"column":4}}},"25":{"name":"setBaseFee","line":383,"loc":{"start":{"line":383,"column":4},"end":{"line":385,"column":4}}},"26":{"name":"setPaused","line":387,"loc":{"start":{"line":387,"column":4},"end":{"line":389,"column":4}}}},"statementMap":{"1":{"start":{"line":33,"column":8},"end":{"line":33,"column":50}},"2":{"start":{"line":38,"column":8},"end":{"line":38,"column":69}},"3":{"start":{"line":43,"column":8},"end":{"line":43,"column":98}},"4":{"start":{"line":48,"column":8},"end":{"line":48,"column":27}},"5":{"start":{"line":49,"column":8},"end":{"line":49,"column":81}},"6":{"start":{"line":50,"column":8},"end":{"line":50,"column":70}},"7":{"start":{"line":51,"column":8},"end":{"line":51,"column":58}},"8":{"start":{"line":52,"column":8},"end":{"line":52,"column":1623}},"9":{"start":{"line":57,"column":8},"end":{"line":57,"column":1776}},"10":{"start":{"line":62,"column":8},"end":{"line":62,"column":42}},"11":{"start":{"line":63,"column":8},"end":{"line":63,"column":20}},"12":{"start":{"line":67,"column":8},"end":{"line":67,"column":59}},"13":{"start":{"line":68,"column":8},"end":{"line":68,"column":90}},"14":{"start":{"line":71,"column":8},"end":{"line":71,"column":72}},"15":{"start":{"line":73,"column":8},"end":{"line":73,"column":2378}},"16":{"start":{"line":74,"column":12},"end":{"line":74,"column":30}},"17":{"start":{"line":77,"column":12},"end":{"line":77,"column":32}},"18":{"start":{"line":80,"column":12},"end":{"line":80,"column":27}},"19":{"start":{"line":81,"column":12},"end":{"line":81,"column":32}},"20":{"start":{"line":84,"column":12},"end":{"line":84,"column":51}},"21":{"start":{"line":85,"column":12},"end":{"line":85,"column":37}},"22":{"start":{"line":86,"column":12},"end":{"line":86,"column":52}},"23":{"start":{"line":89,"column":12},"end":{"line":89,"column":68}},"24":{"start":{"line":92,"column":12},"end":{"line":92,"column":32}},"25":{"start":{"line":95,"column":12},"end":{"line":95,"column":27}},"26":{"start":{"line":96,"column":12},"end":{"line":96,"column":39}},"27":{"start":{"line":99,"column":8},"end":{"line":99,"column":56}},"28":{"start":{"line":103,"column":8},"end":{"line":103,"column":61}},"29":{"start":{"line":106,"column":8},"end":{"line":106,"column":50}},"30":{"start":{"line":109,"column":8},"end":{"line":109,"column":34}},"31":{"start":{"line":112,"column":8},"end":{"line":112,"column":59}},"32":{"start":{"line":115,"column":8},"end":{"line":115,"column":56}},"33":{"start":{"line":116,"column":8},"end":{"line":116,"column":36}},"34":{"start":{"line":117,"column":8},"end":{"line":117,"column":46}},"35":{"start":{"line":120,"column":8},"end":{"line":120,"column":53}},"36":{"start":{"line":123,"column":8},"end":{"line":123,"column":31}},"37":{"start":{"line":124,"column":8},"end":{"line":124,"column":28}},"38":{"start":{"line":126,"column":8},"end":{"line":126,"column":63}},"39":{"start":{"line":130,"column":8},"end":{"line":130,"column":61}},"40":{"start":{"line":131,"column":8},"end":{"line":131,"column":74}},"41":{"start":{"line":134,"column":8},"end":{"line":134,"column":50}},"42":{"start":{"line":135,"column":8},"end":{"line":135,"column":25}},"43":{"start":{"line":136,"column":8},"end":{"line":136,"column":27}},"44":{"start":{"line":139,"column":8},"end":{"line":139,"column":89}},"45":{"start":{"line":140,"column":8},"end":{"line":140,"column":78}},"46":{"start":{"line":141,"column":8},"end":{"line":141,"column":34}},"47":{"start":{"line":142,"column":8},"end":{"line":142,"column":27}},"48":{"start":{"line":143,"column":8},"end":{"line":143,"column":27}},"49":{"start":{"line":146,"column":8},"end":{"line":146,"column":43}},"50":{"start":{"line":148,"column":8},"end":{"line":148,"column":52}},"51":{"start":{"line":152,"column":8},"end":{"line":152,"column":61}},"52":{"start":{"line":153,"column":8},"end":{"line":153,"column":43}},"53":{"start":{"line":156,"column":8},"end":{"line":156,"column":52}},"54":{"start":{"line":157,"column":8},"end":{"line":157,"column":28}},"55":{"start":{"line":160,"column":8},"end":{"line":160,"column":90}},"56":{"start":{"line":161,"column":8},"end":{"line":161,"column":78}},"57":{"start":{"line":162,"column":8},"end":{"line":162,"column":34}},"58":{"start":{"line":163,"column":8},"end":{"line":163,"column":27}},"59":{"start":{"line":164,"column":8},"end":{"line":164,"column":28}},"60":{"start":{"line":167,"column":8},"end":{"line":167,"column":48}},"61":{"start":{"line":170,"column":8},"end":{"line":170,"column":26}},"62":{"start":{"line":172,"column":8},"end":{"line":172,"column":57}},"63":{"start":{"line":180,"column":8},"end":{"line":180,"column":6146}},"64":{"start":{"line":181,"column":12},"end":{"line":181,"column":34}},"65":{"start":{"line":183,"column":12},"end":{"line":183,"column":62}},"66":{"start":{"line":192,"column":8},"end":{"line":192,"column":51}},"67":{"start":{"line":199,"column":8},"end":{"line":199,"column":7032}},"68":{"start":{"line":200,"column":12},"end":{"line":200,"column":43}},"69":{"start":{"line":202,"column":12},"end":{"line":202,"column":79}},"70":{"start":{"line":203,"column":12},"end":{"line":203,"column":68}},"71":{"start":{"line":208,"column":8},"end":{"line":208,"column":112}},"72":{"start":{"line":209,"column":8},"end":{"line":209,"column":72}},"73":{"start":{"line":217,"column":8},"end":{"line":217,"column":48}},"74":{"start":{"line":218,"column":8},"end":{"line":218,"column":44}},"75":{"start":{"line":219,"column":8},"end":{"line":219,"column":8037}},"76":{"start":{"line":220,"column":12},"end":{"line":220,"column":39}},"77":{"start":{"line":222,"column":12},"end":{"line":222,"column":39}},"78":{"start":{"line":231,"column":8},"end":{"line":231,"column":48}},"79":{"start":{"line":232,"column":8},"end":{"line":232,"column":44}},"80":{"start":{"line":233,"column":8},"end":{"line":233,"column":8630}},"81":{"start":{"line":234,"column":12},"end":{"line":234,"column":40}},"82":{"start":{"line":236,"column":12},"end":{"line":236,"column":40}},"83":{"start":{"line":245,"column":8},"end":{"line":245,"column":53}},"84":{"start":{"line":245,"column":45},"end":{"line":245,"column":53}},"85":{"start":{"line":247,"column":8},"end":{"line":247,"column":75}},"86":{"start":{"line":248,"column":8},"end":{"line":248,"column":63}},"87":{"start":{"line":249,"column":8},"end":{"line":249,"column":75}},"88":{"start":{"line":250,"column":8},"end":{"line":250,"column":112}},"89":{"start":{"line":251,"column":8},"end":{"line":251,"column":59}},"90":{"start":{"line":253,"column":8},"end":{"line":253,"column":9530}},"91":{"start":{"line":254,"column":12},"end":{"line":254,"column":125}},"92":{"start":{"line":256,"column":12},"end":{"line":256,"column":91}},"93":{"start":{"line":264,"column":8},"end":{"line":264,"column":33}},"94":{"start":{"line":264,"column":25},"end":{"line":264,"column":33}},"95":{"start":{"line":266,"column":8},"end":{"line":266,"column":75}},"96":{"start":{"line":267,"column":8},"end":{"line":267,"column":63}},"97":{"start":{"line":268,"column":8},"end":{"line":268,"column":75}},"98":{"start":{"line":269,"column":8},"end":{"line":269,"column":112}},"99":{"start":{"line":270,"column":8},"end":{"line":270,"column":59}},"100":{"start":{"line":272,"column":8},"end":{"line":272,"column":10528}},"101":{"start":{"line":273,"column":12},"end":{"line":273,"column":91}},"102":{"start":{"line":275,"column":12},"end":{"line":275,"column":125}},"103":{"start":{"line":280,"column":8},"end":{"line":280,"column":33}},"104":{"start":{"line":280,"column":25},"end":{"line":280,"column":33}},"105":{"start":{"line":282,"column":8},"end":{"line":282,"column":75}},"106":{"start":{"line":283,"column":8},"end":{"line":283,"column":75}},"107":{"start":{"line":284,"column":8},"end":{"line":284,"column":103}},"108":{"start":{"line":285,"column":8},"end":{"line":285,"column":11230}},"109":{"start":{"line":286,"column":12},"end":{"line":286,"column":20}},"110":{"start":{"line":290,"column":8},"end":{"line":290,"column":63}},"111":{"start":{"line":291,"column":8},"end":{"line":291,"column":59}},"112":{"start":{"line":292,"column":8},"end":{"line":292,"column":41}},"113":{"start":{"line":295,"column":8},"end":{"line":295,"column":116}},"114":{"start":{"line":299,"column":8},"end":{"line":299,"column":33}},"115":{"start":{"line":299,"column":25},"end":{"line":299,"column":33}},"116":{"start":{"line":300,"column":8},"end":{"line":300,"column":43}},"117":{"start":{"line":300,"column":30},"end":{"line":300,"column":43}},"118":{"start":{"line":302,"column":8},"end":{"line":302,"column":75}},"119":{"start":{"line":303,"column":8},"end":{"line":303,"column":75}},"120":{"start":{"line":304,"column":8},"end":{"line":304,"column":103}},"121":{"start":{"line":305,"column":8},"end":{"line":305,"column":12135}},"122":{"start":{"line":306,"column":12},"end":{"line":306,"column":20}},"123":{"start":{"line":310,"column":8},"end":{"line":310,"column":63}},"124":{"start":{"line":311,"column":8},"end":{"line":311,"column":59}},"125":{"start":{"line":312,"column":8},"end":{"line":312,"column":41}},"126":{"start":{"line":315,"column":8},"end":{"line":315,"column":113}},"127":{"start":{"line":319,"column":8},"end":{"line":319,"column":12681}},"128":{"start":{"line":320,"column":12},"end":{"line":320,"column":35}},"129":{"start":{"line":322,"column":12},"end":{"line":322,"column":51}},"130":{"start":{"line":323,"column":12},"end":{"line":323,"column":74}},"131":{"start":{"line":324,"column":12},"end":{"line":324,"column":65}},"132":{"start":{"line":325,"column":12},"end":{"line":325,"column":12968}},"133":{"start":{"line":326,"column":16},"end":{"line":326,"column":49}},"134":{"start":{"line":327,"column":19},"end":{"line":327,"column":13122}},"135":{"start":{"line":328,"column":16},"end":{"line":328,"column":43}},"136":{"start":{"line":330,"column":16},"end":{"line":330,"column":80}},"137":{"start":{"line":336,"column":8},"end":{"line":336,"column":41}},"138":{"start":{"line":336,"column":25},"end":{"line":336,"column":41}},"139":{"start":{"line":338,"column":8},"end":{"line":338,"column":52}},"140":{"start":{"line":339,"column":8},"end":{"line":339,"column":13572}},"141":{"start":{"line":340,"column":12},"end":{"line":340,"column":76}},"142":{"start":{"line":342,"column":8},"end":{"line":342,"column":49}},"143":{"start":{"line":343,"column":8},"end":{"line":343,"column":82}},"144":{"start":{"line":344,"column":8},"end":{"line":344,"column":54}},"145":{"start":{"line":345,"column":8},"end":{"line":345,"column":37}},"146":{"start":{"line":356,"column":8},"end":{"line":356,"column":41}},"147":{"start":{"line":357,"column":8},"end":{"line":357,"column":69}},"148":{"start":{"line":358,"column":8},"end":{"line":358,"column":42}},"149":{"start":{"line":362,"column":8},"end":{"line":362,"column":14548}},"150":{"start":{"line":363,"column":12},"end":{"line":363,"column":48}},"151":{"start":{"line":365,"column":12},"end":{"line":365,"column":73}},"152":{"start":{"line":372,"column":8},"end":{"line":372,"column":14852}},"153":{"start":{"line":373,"column":12},"end":{"line":373,"column":64}},"154":{"start":{"line":374,"column":12},"end":{"line":374,"column":58}},"155":{"start":{"line":375,"column":12},"end":{"line":375,"column":27}},"156":{"start":{"line":380,"column":8},"end":{"line":380,"column":33}},"157":{"start":{"line":384,"column":8},"end":{"line":384,"column":27}},"158":{"start":{"line":388,"column":8},"end":{"line":388,"column":21}}},"branchMap":{"1":{"line":33,"type":"if","locations":[{"start":{"line":33,"column":8},"end":{"line":33,"column":8}},{"start":{"line":33,"column":8},"end":{"line":33,"column":8}}]},"2":{"line":38,"type":"if","locations":[{"start":{"line":38,"column":8},"end":{"line":38,"column":8}},{"start":{"line":38,"column":8},"end":{"line":38,"column":8}}]},"3":{"line":43,"type":"if","locations":[{"start":{"line":43,"column":8},"end":{"line":43,"column":8}},{"start":{"line":43,"column":8},"end":{"line":43,"column":8}}]},"4":{"line":67,"type":"if","locations":[{"start":{"line":67,"column":8},"end":{"line":67,"column":8}},{"start":{"line":67,"column":8},"end":{"line":67,"column":8}}]},"5":{"line":68,"type":"if","locations":[{"start":{"line":68,"column":8},"end":{"line":68,"column":8}},{"start":{"line":68,"column":8},"end":{"line":68,"column":8}}]},"6":{"line":73,"type":"if","locations":[{"start":{"line":73,"column":8},"end":{"line":73,"column":8}},{"start":{"line":73,"column":8},"end":{"line":73,"column":8}}]},"7":{"line":103,"type":"if","locations":[{"start":{"line":103,"column":8},"end":{"line":103,"column":8}},{"start":{"line":103,"column":8},"end":{"line":103,"column":8}}]},"8":{"line":130,"type":"if","locations":[{"start":{"line":130,"column":8},"end":{"line":130,"column":8}},{"start":{"line":130,"column":8},"end":{"line":130,"column":8}}]},"9":{"line":140,"type":"if","locations":[{"start":{"line":140,"column":8},"end":{"line":140,"column":8}},{"start":{"line":140,"column":8},"end":{"line":140,"column":8}}]},"10":{"line":152,"type":"if","locations":[{"start":{"line":152,"column":8},"end":{"line":152,"column":8}},{"start":{"line":152,"column":8},"end":{"line":152,"column":8}}]},"11":{"line":161,"type":"if","locations":[{"start":{"line":161,"column":8},"end":{"line":161,"column":8}},{"start":{"line":161,"column":8},"end":{"line":161,"column":8}}]},"12":{"line":180,"type":"if","locations":[{"start":{"line":180,"column":8},"end":{"line":180,"column":8}},{"start":{"line":180,"column":8},"end":{"line":180,"column":8}}]},"13":{"line":199,"type":"if","locations":[{"start":{"line":199,"column":8},"end":{"line":199,"column":8}},{"start":{"line":199,"column":8},"end":{"line":199,"column":8}}]},"14":{"line":209,"type":"if","locations":[{"start":{"line":209,"column":8},"end":{"line":209,"column":8}},{"start":{"line":209,"column":8},"end":{"line":209,"column":8}}]},"15":{"line":219,"type":"if","locations":[{"start":{"line":219,"column":8},"end":{"line":219,"column":8}},{"start":{"line":219,"column":8},"end":{"line":219,"column":8}}]},"16":{"line":233,"type":"if","locations":[{"start":{"line":233,"column":8},"end":{"line":233,"column":8}},{"start":{"line":233,"column":8},"end":{"line":233,"column":8}}]},"17":{"line":245,"type":"if","locations":[{"start":{"line":245,"column":8},"end":{"line":245,"column":8}},{"start":{"line":245,"column":8},"end":{"line":245,"column":8}}]},"18":{"line":253,"type":"if","locations":[{"start":{"line":253,"column":8},"end":{"line":253,"column":8}},{"start":{"line":253,"column":8},"end":{"line":253,"column":8}}]},"19":{"line":264,"type":"if","locations":[{"start":{"line":264,"column":8},"end":{"line":264,"column":8}},{"start":{"line":264,"column":8},"end":{"line":264,"column":8}}]},"20":{"line":272,"type":"if","locations":[{"start":{"line":272,"column":8},"end":{"line":272,"column":8}},{"start":{"line":272,"column":8},"end":{"line":272,"column":8}}]},"21":{"line":280,"type":"if","locations":[{"start":{"line":280,"column":8},"end":{"line":280,"column":8}},{"start":{"line":280,"column":8},"end":{"line":280,"column":8}}]},"22":{"line":285,"type":"if","locations":[{"start":{"line":285,"column":8},"end":{"line":285,"column":8}},{"start":{"line":285,"column":8},"end":{"line":285,"column":8}}]},"23":{"line":299,"type":"if","locations":[{"start":{"line":299,"column":8},"end":{"line":299,"column":8}},{"start":{"line":299,"column":8},"end":{"line":299,"column":8}}]},"24":{"line":300,"type":"if","locations":[{"start":{"line":300,"column":8},"end":{"line":300,"column":8}},{"start":{"line":300,"column":8},"end":{"line":300,"column":8}}]},"25":{"line":305,"type":"if","locations":[{"start":{"line":305,"column":8},"end":{"line":305,"column":8}},{"start":{"line":305,"column":8},"end":{"line":305,"column":8}}]},"26":{"line":319,"type":"if","locations":[{"start":{"line":319,"column":8},"end":{"line":319,"column":8}},{"start":{"line":319,"column":8},"end":{"line":319,"column":8}}]},"27":{"line":325,"type":"if","locations":[{"start":{"line":325,"column":12},"end":{"line":325,"column":12}},{"start":{"line":325,"column":12},"end":{"line":325,"column":12}}]},"28":{"line":327,"type":"if","locations":[{"start":{"line":327,"column":19},"end":{"line":327,"column":19}},{"start":{"line":327,"column":19},"end":{"line":327,"column":19}}]},"29":{"line":336,"type":"if","locations":[{"start":{"line":336,"column":8},"end":{"line":336,"column":8}},{"start":{"line":336,"column":8},"end":{"line":336,"column":8}}]},"30":{"line":339,"type":"if","locations":[{"start":{"line":339,"column":8},"end":{"line":339,"column":8}},{"start":{"line":339,"column":8},"end":{"line":339,"column":8}}]},"31":{"line":362,"type":"if","locations":[{"start":{"line":362,"column":8},"end":{"line":362,"column":8}},{"start":{"line":362,"column":8},"end":{"line":362,"column":8}}]},"32":{"line":372,"type":"if","locations":[{"start":{"line":372,"column":8},"end":{"line":372,"column":8}},{"start":{"line":372,"column":8},"end":{"line":372,"column":8}}]}}},
"contracts/SingularityPoolToken.sol":{"l":{"28":64,"29":64,"33":63,"35":63,"37":63,"41":1,"45":1,"49":1,"51":1,"55":11,"57":11,"59":10,"63":10,"67":10,"69":10,"73":3,"77":2,"103":2,"107":3,"111":64,"124":22,"128":22,"132":22,"136":8,"140":8,"144":8},"path":"/Users/alanguo/Documents/GitHub/revenant/singularity-v2/contracts/SingularityPoolToken.sol","s":{"1":64,"2":64,"3":63,"4":63,"5":63,"6":1,"7":1,"8":1,"9":11,"10":11,"11":1,"12":10,"13":10,"14":10,"15":3,"16":2,"17":3,"18":64,"19":22,"20":22,"21":8,"22":8},"b":{"1":[1,10],"2":[2,1]},"f":{"1":64,"2":63,"3":1,"4":11,"5":3,"6":3,"7":64,"8":22,"9":8},"fnMap":{"1":{"name":"_initialize","line":27,"loc":{"start":{"line":27,"column":4},"end":{"line":30,"column":4}}},"2":{"name":"approve","line":32,"loc":{"start":{"line":32,"column":4},"end":{"line":38,"column":4}}},"3":{"name":"transfer","line":40,"loc":{"start":{"line":40,"column":4},"end":{"line":52,"column":4}}},"4":{"name":"transferFrom","line":54,"loc":{"start":{"line":54,"column":4},"end":{"line":70,"column":4}}},"5":{"name":"permit","line":72,"loc":{"start":{"line":72,"column":4},"end":{"line":104,"column":4}}},"6":{"name":"DOMAIN_SEPARATOR","line":106,"loc":{"start":{"line":106,"column":4},"end":{"line":108,"column":4}}},"7":{"name":"computeDomainSeparator","line":110,"loc":{"start":{"line":110,"column":4},"end":{"line":121,"column":4}}},"8":{"name":"_mint","line":123,"loc":{"start":{"line":123,"column":4},"end":{"line":133,"column":4}}},"9":{"name":"_burn","line":135,"loc":{"start":{"line":135,"column":4},"end":{"line":145,"column":4}}}},"statementMap":{"1":{"start":{"line":28,"column":8},"end":{"line":28,"column":39}},"2":{"start":{"line":29,"column":8},"end":{"line":29,"column":58}},"3":{"start":{"line":33,"column":8},"end":{"line":33,"column":45}},"4":{"start":{"line":35,"column":8},"end":{"line":35,"column":49}},"5":{"start":{"line":37,"column":8},"end":{"line":37,"column":19}},"6":{"start":{"line":41,"column":8},"end":{"line":41,"column":37}},"7":{"start":{"line":49,"column":8},"end":{"line":49,"column":44}},"8":{"start":{"line":51,"column":8},"end":{"line":51,"column":19}},"9":{"start":{"line":55,"column":8},"end":{"line":55,"column":53}},"10":{"start":{"line":57,"column":8},"end":{"line":57,"column":87}},"11":{"start":{"line":57,"column":42},"end":{"line":57,"column":86}},"12":{"start":{"line":59,"column":8},"end":{"line":59,"column":31}},"13":{"start":{"line":67,"column":8},"end":{"line":67,"column":38}},"14":{"start":{"line":69,"column":8},"end":{"line":69,"column":19}},"15":{"start":{"line":73,"column":8},"end":{"line":73,"column":76}},"16":{"start":{"line":103,"column":8},"end":{"line":103,"column":44}},"17":{"start":{"line":107,"column":8},"end":{"line":107,"column":102}},"18":{"start":{"line":111,"column":8},"end":{"line":111,"column":3721}},"19":{"start":{"line":124,"column":8},"end":{"line":124,"column":27}},"20":{"start":{"line":132,"column":8},"end":{"line":132,"column":44}},"21":{"start":{"line":136,"column":8},"end":{"line":136,"column":31}},"22":{"start":{"line":144,"column":8},"end":{"line":144,"column":46}}},"branchMap":{"1":{"line":57,"type":"if","locations":[{"start":{"line":57,"column":8},"end":{"line":57,"column":8}},{"start":{"line":57,"column":8},"end":{"line":57,"column":8}}]},"2":{"line":73,"type":"if","locations":[{"start":{"line":73,"column":8},"end":{"line":73,"column":8}},{"start":{"line":73,"column":8},"end":{"line":73,"column":8}}]}}},
"contracts/SingularityRouter.sol":{"l":{"24":47,"25":47,"29":63,"30":63,"31":63,"35":3,"46":6,"47":5,"48":5,"49":5,"51":5,"61":2,"62":1,"63":1,"64":1,"65":1,"67":1,"78":2,"79":1,"80":1,"81":1,"82":1,"83":1,"84":1,"86":1,"90":7,"91":7,"92":7,"93":7,"94":7,"95":7,"105":22,"106":22,"114":3,"115":3,"124":25,"125":25,"126":25,"127":22,"137":10,"138":10,"139":10,"140":8,"149":2,"150":2,"151":2,"162":1,"163":1,"164":1,"165":1,"175":1,"176":1,"177":1,"178":1,"182":73,"197":11,"198":10,"200":10,"201":10,"203":10,"204":10,"205":10,"207":10,"209":10,"210":10,"212":10,"213":10,"215":10,"216":10,"217":10,"221":3,"223":3,"228":3},"path":"/Users/alanguo/Documents/GitHub/revenant/singularity-v2/contracts/SingularityRouter.sol","s":{"1":47,"2":63,"3":63,"4":63,"5":6,"6":5,"7":5,"8":5,"9":5,"10":2,"11":1,"12":1,"13":1,"14":1,"15":1,"16":2,"17":1,"18":1,"19":1,"20":1,"21":1,"22":1,"23":1,"24":7,"25":7,"26":7,"27":7,"28":7,"29":7,"30":22,"31":22,"32":3,"33":3,"34":25,"35":25,"36":25,"37":22,"38":10,"39":10,"40":10,"41":8,"42":2,"43":2,"44":2,"45":1,"46":1,"47":1,"48":1,"49":1,"50":1,"51":1,"52":1,"53":73,"54":11,"55":10,"56":10,"57":10,"58":10,"59":10,"60":10,"61":10,"62":10,"63":10,"64":10,"65":10,"66":10,"67":10,"68":10,"69":3,"70":3},"b":{"1":[47,0],"2":[5,0],"3":[1,1],"4":[1,0],"5":[1,1],"6":[1,0],"7":[7,0],"8":[21,1],"9":[7,1],"10":[10,1],"11":[10,0],"12":[10,0],"13":[3,0]},"f":{"1":47,"2":63,"3":6,"4":2,"5":2,"6":7,"7":22,"8":3,"9":25,"10":10,"11":2,"12":1,"13":1,"14":73,"15":11,"16":3},"fnMap":{"1":{"name":"ensure","line":23,"loc":{"start":{"line":23,"column":4},"end":{"line":26,"column":4}}},"2":{"name":"constructor","line":28,"loc":{"start":{"line":28,"column":4},"end":{"line":32,"column":4}}},"3":{"name":"swapExactTokensForTokens","line":45,"loc":{"start":{"line":38,"column":4},"end":{"line":52,"column":4}}},"4":{"name":"swapExactETHForTokens","line":60,"loc":{"start":{"line":54,"column":4},"end":{"line":68,"column":4}}},"5":{"name":"swapExactTokensForETH","line":77,"loc":{"start":{"line":70,"column":4},"end":{"line":87,"column":4}}},"6":{"name":"_swap","line":89,"loc":{"start":{"line":89,"column":4},"end":{"line":96,"column":4}}},"7":{"name":"addLiquidity","line":104,"loc":{"start":{"line":98,"column":4},"end":{"line":107,"column":4}}},"8":{"name":"addLiquidityETH","line":113,"loc":{"start":{"line":109,"column":4},"end":{"line":116,"column":4}}},"9":{"name":"_addLiquidity","line":118,"loc":{"start":{"line":118,"column":4},"end":{"line":128,"column":4}}},"10":{"name":"removeLiquidity","line":136,"loc":{"start":{"line":130,"column":4},"end":{"line":141,"column":4}}},"11":{"name":"removeLiquidityETH","line":148,"loc":{"start":{"line":143,"column":4},"end":{"line":152,"column":4}}},"12":{"name":"removeLiquidityWithPermit","line":154,"loc":{"start":{"line":154,"column":4},"end":{"line":166,"column":4}}},"13":{"name":"removeLiquidityETHWithPermit","line":168,"loc":{"start":{"line":168,"column":4},"end":{"line":179,"column":4}}},"14":{"name":"poolFor","line":181,"loc":{"start":{"line":181,"column":4},"end":{"line":188,"column":4}}},"15":{"name":"getAmountOut","line":190,"loc":{"start":{"line":190,"column":4},"end":{"line":218,"column":4}}},"16":{"name":"_safeTransferETH","line":220,"loc":{"start":{"line":220,"column":4},"end":{"line":229,"column":4}}}},"statementMap":{"1":{"start":{"line":24,"column":8},"end":{"line":24,"column":73}},"2":{"start":{"line":29,"column":8},"end":{"line":29,"column":25}},"3":{"start":{"line":30,"column":8},"end":{"line":30,"column":19}},"4":{"start":{"line":31,"column":8},"end":{"line":31,"column":66}},"5":{"start":{"line":46,"column":8},"end":{"line":46,"column":69}},"6":{"start":{"line":47,"column":8},"end":{"line":47,"column":90}},"7":{"start":{"line":48,"column":8},"end":{"line":48,"column":76}},"8":{"start":{"line":49,"column":8},"end":{"line":49,"column":45}},"9":{"start":{"line":51,"column":8},"end":{"line":51,"column":73}},"10":{"start":{"line":61,"column":8},"end":{"line":61,"column":70}},"11":{"start":{"line":62,"column":8},"end":{"line":62,"column":70}},"12":{"start":{"line":63,"column":8},"end":{"line":63,"column":90}},"13":{"start":{"line":64,"column":8},"end":{"line":64,"column":46}},"14":{"start":{"line":65,"column":8},"end":{"line":65,"column":46}},"15":{"start":{"line":67,"column":8},"end":{"line":67,"column":74}},"16":{"start":{"line":78,"column":8},"end":{"line":78,"column":72}},"17":{"start":{"line":79,"column":8},"end":{"line":79,"column":69}},"18":{"start":{"line":80,"column":8},"end":{"line":80,"column":90}},"19":{"start":{"line":81,"column":8},"end":{"line":81,"column":76}},"20":{"start":{"line":82,"column":8},"end":{"line":82,"column":56}},"21":{"start":{"line":83,"column":8},"end":{"line":83,"column":38}},"22":{"start":{"line":84,"column":8},"end":{"line":84,"column":38}},"23":{"start":{"line":86,"column":8},"end":{"line":86,"column":73}},"24":{"start":{"line":90,"column":8},"end":{"line":90,"column":68}},"25":{"start":{"line":91,"column":8},"end":{"line":91,"column":50}},"26":{"start":{"line":92,"column":8},"end":{"line":92,"column":62}},"27":{"start":{"line":93,"column":8},"end":{"line":93,"column":69}},"28":{"start":{"line":94,"column":8},"end":{"line":94,"column":52}},"29":{"start":{"line":95,"column":8},"end":{"line":95,"column":55}},"30":{"start":{"line":105,"column":8},"end":{"line":105,"column":72}},"31":{"start":{"line":106,"column":8},"end":{"line":106,"column":65}},"32":{"start":{"line":114,"column":8},"end":{"line":114,"column":46}},"33":{"start":{"line":115,"column":8},"end":{"line":115,"column":67}},"34":{"start":{"line":124,"column":8},"end":{"line":124,"column":46}},"35":{"start":{"line":125,"column":8},"end":{"line":125,"column":56}},"36":{"start":{"line":126,"column":8},"end":{"line":126,"column":61}},"37":{"start":{"line":127,"column":8},"end":{"line":127,"column":93}},"38":{"start":{"line":137,"column":8},"end":{"line":137,"column":46}},"39":{"start":{"line":138,"column":8},"end":{"line":138,"column":74}},"40":{"start":{"line":139,"column":8},"end":{"line":139,"column":62}},"41":{"start":{"line":140,"column":8},"end":{"line":140,"column":83}},"42":{"start":{"line":149,"column":8},"end":{"line":149,"column":84}},"43":{"start":{"line":150,"column":8},"end":{"line":150,"column":35}},"44":{"start":{"line":151,"column":8},"end":{"line":151,"column":35}},"45":{"start":{"line":162,"column":8},"end":{"line":162,"column":46}},"46":{"start":{"line":163,"column":8},"end":{"line":163,"column":66}},"47":{"start":{"line":164,"column":8},"end":{"line":164,"column":89}},"48":{"start":{"line":165,"column":8},"end":{"line":165,"column":74}},"49":{"start":{"line":175,"column":8},"end":{"line":175,"column":45}},"50":{"start":{"line":176,"column":8},"end":{"line":176,"column":66}},"51":{"start":{"line":177,"column":8},"end":{"line":177,"column":89}},"52":{"start":{"line":178,"column":8},"end":{"line":178,"column":70}},"53":{"start":{"line":182,"column":8},"end":{"line":182,"column":6789}},"54":{"start":{"line":197,"column":8},"end":{"line":197,"column":77}},"55":{"start":{"line":198,"column":8},"end":{"line":198,"column":50}},"56":{"start":{"line":200,"column":8},"end":{"line":200,"column":68}},"57":{"start":{"line":201,"column":8},"end":{"line":201,"column":29}},"58":{"start":{"line":203,"column":8},"end":{"line":203,"column":76}},"59":{"start":{"line":204,"column":8},"end":{"line":204,"column":84}},"60":{"start":{"line":205,"column":8},"end":{"line":205,"column":31}},"61":{"start":{"line":207,"column":8},"end":{"line":207,"column":83}},"62":{"start":{"line":209,"column":8},"end":{"line":209,"column":52}},"63":{"start":{"line":210,"column":8},"end":{"line":210,"column":76}},"64":{"start":{"line":212,"column":8},"end":{"line":212,"column":72}},"65":{"start":{"line":213,"column":8},"end":{"line":213,"column":31}},"66":{"start":{"line":215,"column":8},"end":{"line":215,"column":79}},"67":{"start":{"line":216,"column":8},"end":{"line":216,"column":85}},"68":{"start":{"line":217,"column":8},"end":{"line":217,"column":33}},"69":{"start":{"line":221,"column":8},"end":{"line":221,"column":23}},"70":{"start":{"line":228,"column":8},"end":{"line":228,"column":68}}},"branchMap":{"1":{"line":24,"type":"if","locations":[{"start":{"line":24,"column":8},"end":{"line":24,"column":8}},{"start":{"line":24,"column":8},"end":{"line":24,"column":8}}]},"2":{"line":47,"type":"if","locations":[{"start":{"line":47,"column":8},"end":{"line":47,"column":8}},{"start":{"line":47,"column":8},"end":{"line":47,"column":8}}]},"3":{"line":61,"type":"if","locations":[{"start":{"line":61,"column":8},"end":{"line":61,"column":8}},{"start":{"line":61,"column":8},"end":{"line":61,"column":8}}]},"4":{"line":63,"type":"if","locations":[{"start":{"line":63,"column":8},"end":{"line":63,"column":8}},{"start":{"line":63,"column":8},"end":{"line":63,"column":8}}]},"5":{"line":78,"type":"if","locations":[{"start":{"line":78,"column":8},"end":{"line":78,"column":8}},{"start":{"line":78,"column":8},"end":{"line":78,"column":8}}]},"6":{"line":80,"type":"if","locations":[{"start":{"line":80,"column":8},"end":{"line":80,"column":8}},{"start":{"line":80,"column":8},"end":{"line":80,"column":8}}]},"7":{"line":90,"type":"if","locations":[{"start":{"line":90,"column":8},"end":{"line":90,"column":8}},{"start":{"line":90,"column":8},"end":{"line":90,"column":8}}]},"8":{"line":127,"type":"if","locations":[{"start":{"line":127,"column":8},"end":{"line":127,"column":8}},{"start":{"line":127,"column":8},"end":{"line":127,"column":8}}]},"9":{"line":140,"type":"if","locations":[{"start":{"line":140,"column":8},"end":{"line":140,"column":8}},{"start":{"line":140,"column":8},"end":{"line":140,"column":8}}]},"10":{"line":197,"type":"if","locations":[{"start":{"line":197,"column":8},"end":{"line":197,"column":8}},{"start":{"line":197,"column":8},"end":{"line":197,"column":8}}]},"11":{"line":204,"type":"if","locations":[{"start":{"line":204,"column":8},"end":{"line":204,"column":8}},{"start":{"line":204,"column":8},"end":{"line":204,"column":8}}]},"12":{"line":216,"type":"if","locations":[{"start":{"line":216,"column":8},"end":{"line":216,"column":8}},{"start":{"line":216,"column":8},"end":{"line":216,"column":8}}]},"13":{"line":228,"type":"if","locations":[{"start":{"line":228,"column":8},"end":{"line":228,"column":8}},{"start":{"line":228,"column":8},"end":{"line":228,"column":8}}]}}}}
