{
"contracts/SingularityFactory.sol":{"l":{"27":136,"28":134,"37":66,"38":66,"39":66,"40":66,"41":66,"42":66,"43":66,"44":66,"48":1,"52":67,"68":71,"69":70,"70":69,"72":68,"73":68,"74":68,"75":68,"76":68,"78":68,"82":2,"83":1,"87":2,"88":1,"92":2,"93":1,"97":22,"98":22,"102":0,"103":0,"107":0,"108":0,"112":2,"113":2,"114":6,"115":6,"116":6,"122":25,"123":25,"124":25,"125":69,"126":69,"127":69,"128":69,"129":69,"135":3,"136":2,"137":2,"138":2,"139":1,"140":1,"141":1,"142":1,"143":1,"149":1,"150":1,"151":1,"152":1,"153":1,"154":1,"155":1,"156":1,"162":4,"163":4,"164":12,"165":12,"166":12},"path":"/Users/alanguo/Documents/GitHub/revenant/singularity-v2/contracts/SingularityFactory.sol","s":{"1":136,"2":66,"3":66,"4":66,"5":66,"6":66,"7":66,"8":66,"9":66,"10":1,"11":67,"12":71,"13":70,"14":69,"15":68,"16":68,"17":68,"18":68,"19":68,"20":2,"21":1,"22":2,"23":1,"24":2,"25":1,"26":22,"27":22,"28":0,"29":0,"30":0,"31":0,"32":2,"33":2,"34":6,"35":25,"36":25,"37":25,"38":69,"39":69,"40":69,"41":3,"42":2,"43":2,"44":2,"45":1,"46":1,"47":1,"48":1,"49":1,"50":1,"51":1,"52":1,"53":1,"54":4,"55":4,"56":12},"b":{"1":[134,2],"2":[66,0],"3":[66,0],"4":[66,0],"5":[66,0],"6":[70,1],"7":[69,1],"8":[68,1],"9":[1,1],"10":[1,1],"11":[1,1],"12":[22,0],"13":[0,0],"14":[0,0],"15":[25,0],"16":[69,0],"17":[2,1],"18":[1,1],"19":[1,0],"20":[1,0],"21":[1,0]},"f":{"1":136,"2":66,"3":1,"4":67,"5":71,"6":2,"7":2,"8":2,"9":22,"10":0,"11":0,"12":2,"13":25,"14":3,"15":1,"16":4},"fnMap":{"1":{"name":"onlyAdmin","line":26,"loc":{"start":{"line":26,"column":4},"end":{"line":29,"column":4}}},"2":{"name":"constructor","line":31,"loc":{"start":{"line":31,"column":4},"end":{"line":45,"column":4}}},"3":{"name":"allPoolsLength","line":47,"loc":{"start":{"line":47,"column":4},"end":{"line":49,"column":4}}},"4":{"name":"poolCodeHash","line":51,"loc":{"start":{"line":51,"column":4},"end":{"line":53,"column":4}}},"5":{"name":"createPool","line":67,"loc":{"start":{"line":63,"column":4},"end":{"line":79,"column":4}}},"6":{"name":"setAdmin","line":81,"loc":{"start":{"line":81,"column":4},"end":{"line":84,"column":4}}},"7":{"name":"setOracle","line":86,"loc":{"start":{"line":86,"column":4},"end":{"line":89,"column":4}}},"8":{"name":"setFeeTo","line":91,"loc":{"start":{"line":91,"column":4},"end":{"line":94,"column":4}}},"9":{"name":"setRouter","line":96,"loc":{"start":{"line":96,"column":4},"end":{"line":99,"column":4}}},"10":{"name":"setProtocolFeeShare","line":101,"loc":{"start":{"line":101,"column":4},"end":{"line":104,"column":4}}},"11":{"name":"setOracleSens","line":106,"loc":{"start":{"line":106,"column":4},"end":{"line":109,"column":4}}},"12":{"name":"collectFees","line":111,"loc":{"start":{"line":111,"column":4},"end":{"line":119,"column":4}}},"13":{"name":"setDepositCaps","line":121,"loc":{"start":{"line":121,"column":4},"end":{"line":132,"column":4}}},"14":{"name":"setBaseFees","line":134,"loc":{"start":{"line":134,"column":4},"end":{"line":146,"column":4}}},"15":{"name":"setPaused","line":148,"loc":{"start":{"line":148,"column":4},"end":{"line":159,"column":4}}},"16":{"name":"setPausedForAll","line":161,"loc":{"start":{"line":161,"column":4},"end":{"line":169,"column":4}}}},"statementMap":{"1":{"start":{"line":27,"column":8},"end":{"line":27,"column":68}},"2":{"start":{"line":37,"column":8},"end":{"line":37,"column":83}},"3":{"start":{"line":38,"column":8},"end":{"line":38,"column":70}},"4":{"start":{"line":39,"column":8},"end":{"line":39,"column":72}},"5":{"start":{"line":40,"column":8},"end":{"line":40,"column":71}},"6":{"start":{"line":41,"column":8},"end":{"line":41,"column":25}},"7":{"start":{"line":42,"column":8},"end":{"line":42,"column":21}},"8":{"start":{"line":43,"column":8},"end":{"line":43,"column":23}},"9":{"start":{"line":44,"column":8},"end":{"line":44,"column":21}},"10":{"start":{"line":48,"column":8},"end":{"line":48,"column":30}},"11":{"start":{"line":52,"column":8},"end":{"line":52,"column":60}},"12":{"start":{"line":68,"column":8},"end":{"line":68,"column":71}},"13":{"start":{"line":69,"column":8},"end":{"line":69,"column":60}},"14":{"start":{"line":70,"column":8},"end":{"line":70,"column":79}},"15":{"start":{"line":72,"column":8},"end":{"line":72,"column":116}},"16":{"start":{"line":73,"column":8},"end":{"line":73,"column":86}},"17":{"start":{"line":75,"column":8},"end":{"line":75,"column":28}},"18":{"start":{"line":76,"column":8},"end":{"line":76,"column":26}},"19":{"start":{"line":78,"column":8},"end":{"line":78,"column":77}},"20":{"start":{"line":82,"column":8},"end":{"line":82,"column":72}},"21":{"start":{"line":83,"column":8},"end":{"line":83,"column":21}},"22":{"start":{"line":87,"column":8},"end":{"line":87,"column":73}},"23":{"start":{"line":88,"column":8},"end":{"line":88,"column":23}},"24":{"start":{"line":92,"column":8},"end":{"line":92,"column":72}},"25":{"start":{"line":93,"column":8},"end":{"line":93,"column":21}},"26":{"start":{"line":97,"column":8},"end":{"line":97,"column":73}},"27":{"start":{"line":98,"column":8},"end":{"line":98,"column":23}},"28":{"start":{"line":102,"column":8},"end":{"line":102,"column":89}},"29":{"start":{"line":103,"column":8},"end":{"line":103,"column":43}},"30":{"start":{"line":107,"column":8},"end":{"line":107,"column":72}},"31":{"start":{"line":108,"column":8},"end":{"line":108,"column":31}},"32":{"start":{"line":112,"column":8},"end":{"line":112,"column":40}},"33":{"start":{"line":113,"column":8},"end":{"line":113,"column":4091}},"34":{"start":{"line":114,"column":12},"end":{"line":114,"column":59}},"35":{"start":{"line":122,"column":8},"end":{"line":122,"column":83}},"36":{"start":{"line":123,"column":8},"end":{"line":123,"column":38}},"37":{"start":{"line":124,"column":8},"end":{"line":124,"column":4505}},"38":{"start":{"line":125,"column":12},"end":{"line":125,"column":45}},"39":{"start":{"line":126,"column":12},"end":{"line":126,"column":79}},"40":{"start":{"line":127,"column":12},"end":{"line":127,"column":56}},"41":{"start":{"line":135,"column":8},"end":{"line":135,"column":87}},"42":{"start":{"line":136,"column":8},"end":{"line":136,"column":38}},"43":{"start":{"line":137,"column":8},"end":{"line":137,"column":5050}},"44":{"start":{"line":138,"column":12},"end":{"line":138,"column":73}},"45":{"start":{"line":139,"column":12},"end":{"line":139,"column":45}},"46":{"start":{"line":140,"column":12},"end":{"line":140,"column":79}},"47":{"start":{"line":141,"column":12},"end":{"line":141,"column":57}},"48":{"start":{"line":149,"column":8},"end":{"line":149,"column":85}},"49":{"start":{"line":150,"column":8},"end":{"line":150,"column":38}},"50":{"start":{"line":151,"column":8},"end":{"line":151,"column":5663}},"51":{"start":{"line":152,"column":12},"end":{"line":152,"column":45}},"52":{"start":{"line":153,"column":12},"end":{"line":153,"column":79}},"53":{"start":{"line":154,"column":12},"end":{"line":154,"column":54}},"54":{"start":{"line":162,"column":8},"end":{"line":162,"column":40}},"55":{"start":{"line":163,"column":8},"end":{"line":163,"column":6078}},"56":{"start":{"line":164,"column":12},"end":{"line":164,"column":57}}},"branchMap":{"1":{"line":27,"type":"if","locations":[{"start":{"line":27,"column":8},"end":{"line":27,"column":8}},{"start":{"line":27,"column":8},"end":{"line":27,"column":8}}]},"2":{"line":37,"type":"if","locations":[{"start":{"line":37,"column":8},"end":{"line":37,"column":8}},{"start":{"line":37,"column":8},"end":{"line":37,"column":8}}]},"3":{"line":38,"type":"if","locations":[{"start":{"line":38,"column":8},"end":{"line":38,"column":8}},{"start":{"line":38,"column":8},"end":{"line":38,"column":8}}]},"4":{"line":39,"type":"if","locations":[{"start":{"line":39,"column":8},"end":{"line":39,"column":8}},{"start":{"line":39,"column":8},"end":{"line":39,"column":8}}]},"5":{"line":40,"type":"if","locations":[{"start":{"line":40,"column":8},"end":{"line":40,"column":8}},{"start":{"line":40,"column":8},"end":{"line":40,"column":8}}]},"6":{"line":68,"type":"if","locations":[{"start":{"line":68,"column":8},"end":{"line":68,"column":8}},{"start":{"line":68,"column":8},"end":{"line":68,"column":8}}]},"7":{"line":69,"type":"if","locations":[{"start":{"line":69,"column":8},"end":{"line":69,"column":8}},{"start":{"line":69,"column":8},"end":{"line":69,"column":8}}]},"8":{"line":70,"type":"if","locations":[{"start":{"line":70,"column":8},"end":{"line":70,"column":8}},{"start":{"line":70,"column":8},"end":{"line":70,"column":8}}]},"9":{"line":82,"type":"if","locations":[{"start":{"line":82,"column":8},"end":{"line":82,"column":8}},{"start":{"line":82,"column":8},"end":{"line":82,"column":8}}]},"10":{"line":87,"type":"if","locations":[{"start":{"line":87,"column":8},"end":{"line":87,"column":8}},{"start":{"line":87,"column":8},"end":{"line":87,"column":8}}]},"11":{"line":92,"type":"if","locations":[{"start":{"line":92,"column":8},"end":{"line":92,"column":8}},{"start":{"line":92,"column":8},"end":{"line":92,"column":8}}]},"12":{"line":97,"type":"if","locations":[{"start":{"line":97,"column":8},"end":{"line":97,"column":8}},{"start":{"line":97,"column":8},"end":{"line":97,"column":8}}]},"13":{"line":102,"type":"if","locations":[{"start":{"line":102,"column":8},"end":{"line":102,"column":8}},{"start":{"line":102,"column":8},"end":{"line":102,"column":8}}]},"14":{"line":107,"type":"if","locations":[{"start":{"line":107,"column":8},"end":{"line":107,"column":8}},{"start":{"line":107,"column":8},"end":{"line":107,"column":8}}]},"15":{"line":122,"type":"if","locations":[{"start":{"line":122,"column":8},"end":{"line":122,"column":8}},{"start":{"line":122,"column":8},"end":{"line":122,"column":8}}]},"16":{"line":126,"type":"if","locations":[{"start":{"line":126,"column":12},"end":{"line":126,"column":12}},{"start":{"line":126,"column":12},"end":{"line":126,"column":12}}]},"17":{"line":135,"type":"if","locations":[{"start":{"line":135,"column":8},"end":{"line":135,"column":8}},{"start":{"line":135,"column":8},"end":{"line":135,"column":8}}]},"18":{"line":138,"type":"if","locations":[{"start":{"line":138,"column":12},"end":{"line":138,"column":12}},{"start":{"line":138,"column":12},"end":{"line":138,"column":12}}]},"19":{"line":140,"type":"if","locations":[{"start":{"line":140,"column":12},"end":{"line":140,"column":12}},{"start":{"line":140,"column":12},"end":{"line":140,"column":12}}]},"20":{"line":149,"type":"if","locations":[{"start":{"line":149,"column":8},"end":{"line":149,"column":8}},{"start":{"line":149,"column":8},"end":{"line":149,"column":8}}]},"21":{"line":153,"type":"if","locations":[{"start":{"line":153,"column":12},"end":{"line":153,"column":12}},{"start":{"line":153,"column":12},"end":{"line":153,"column":12}}]}}},
"contracts/SingularityOracle.sol":{"l":{"28":66,"29":66,"34":89,"35":89,"36":89,"37":0,"40":89,"41":89,"42":89,"43":89,"44":89,"45":88,"54":1,"55":1,"56":1,"57":1,"58":2,"59":2,"60":2,"61":2,"62":2,"68":95,"69":95,"70":95,"71":95,"75":26,"76":26,"77":26,"78":95,"79":95,"80":95,"86":0,"87":0,"91":0,"92":0,"93":0,"97":92,"98":92,"99":92,"103":0,"104":0,"105":0,"106":0,"107":0,"108":0,"114":0,"115":0,"116":0,"120":22,"121":22,"125":89,"126":89,"127":89,"128":89,"129":89,"130":89,"131":89,"133":0,"136":89},"path":"/Users/alanguo/Documents/GitHub/revenant/singularity-v2/contracts/SingularityOracle.sol","s":{"1":66,"2":66,"3":89,"4":89,"5":89,"6":0,"7":89,"8":89,"9":89,"10":89,"11":89,"12":88,"13":1,"14":1,"15":1,"16":1,"17":2,"18":2,"19":2,"20":95,"21":95,"22":95,"23":95,"24":26,"25":26,"26":26,"27":95,"28":0,"29":0,"30":0,"31":0,"32":0,"33":92,"34":92,"35":92,"36":0,"37":0,"38":0,"39":0,"40":0,"41":0,"42":0,"43":22,"44":22,"45":89,"46":89,"47":89,"48":89,"49":89,"50":89,"51":89,"52":0,"53":89},"b":{"1":[66,0],"2":[89,0],"3":[0,89],"4":[88,1],"5":[95,0],"6":[95,0],"7":[26,0],"8":[0,0],"9":[0,0],"10":[0,0],"11":[92,0],"12":[92,0],"13":[0,0],"14":[0,0],"15":[0,0],"16":[22,0],"17":[89,0],"18":[89,0]},"f":{"1":66,"2":89,"3":1,"4":95,"5":26,"6":0,"7":0,"8":92,"9":0,"10":0,"11":22,"12":89},"fnMap":{"1":{"name":"constructor","line":27,"loc":{"start":{"line":27,"column":4},"end":{"line":30,"column":4}}},"2":{"name":"getLatestRound","line":33,"loc":{"start":{"line":33,"column":4},"end":{"line":46,"column":4}}},"3":{"name":"getLatestRounds","line":48,"loc":{"start":{"line":48,"column":4},"end":{"line":65,"column":4}}},"4":{"name":"pushPrice","line":67,"loc":{"start":{"line":67,"column":4},"end":{"line":72,"column":4}}},"5":{"name":"pushPrices","line":74,"loc":{"start":{"line":74,"column":4},"end":{"line":83,"column":4}}},"6":{"name":"setOnlyUseChainlink","line":85,"loc":{"start":{"line":85,"column":4},"end":{"line":88,"column":4}}},"7":{"name":"setMaxPriceTolerance","line":90,"loc":{"start":{"line":90,"column":4},"end":{"line":94,"column":4}}},"8":{"name":"setChainlinkFeed","line":96,"loc":{"start":{"line":96,"column":4},"end":{"line":100,"column":4}}},"9":{"name":"setChainlinkFeeds","line":102,"loc":{"start":{"line":102,"column":4},"end":{"line":111,"column":4}}},"10":{"name":"setAdmin","line":113,"loc":{"start":{"line":113,"column":4},"end":{"line":117,"column":4}}},"11":{"name":"setPusher","line":119,"loc":{"start":{"line":119,"column":4},"end":{"line":122,"column":4}}},"12":{"name":"_getChainlinkData","line":124,"loc":{"start":{"line":124,"column":4},"end":{"line":137,"column":4}}}},"statementMap":{"1":{"start":{"line":28,"column":8},"end":{"line":28,"column":69}},"2":{"start":{"line":29,"column":8},"end":{"line":29,"column":21}},"3":{"start":{"line":34,"column":8},"end":{"line":34,"column":79}},"4":{"start":{"line":35,"column":8},"end":{"line":35,"column":78}},"5":{"start":{"line":36,"column":8},"end":{"line":36,"column":1146}},"6":{"start":{"line":37,"column":12},"end":{"line":37,"column":52}},"7":{"start":{"line":40,"column":8},"end":{"line":40,"column":52}},"8":{"start":{"line":41,"column":8},"end":{"line":41,"column":46}},"9":{"start":{"line":42,"column":8},"end":{"line":42,"column":100}},"10":{"start":{"line":43,"column":8},"end":{"line":43,"column":67}},"11":{"start":{"line":44,"column":8},"end":{"line":44,"column":99}},"12":{"start":{"line":45,"column":8},"end":{"line":45,"column":54}},"13":{"start":{"line":54,"column":8},"end":{"line":54,"column":44}},"14":{"start":{"line":55,"column":8},"end":{"line":55,"column":48}},"15":{"start":{"line":56,"column":8},"end":{"line":56,"column":38}},"16":{"start":{"line":57,"column":8},"end":{"line":57,"column":2033}},"17":{"start":{"line":58,"column":12},"end":{"line":58,"column":74}},"18":{"start":{"line":59,"column":12},"end":{"line":59,"column":28}},"19":{"start":{"line":60,"column":12},"end":{"line":60,"column":36}},"20":{"start":{"line":68,"column":8},"end":{"line":68,"column":68}},"21":{"start":{"line":69,"column":8},"end":{"line":69,"column":60}},"22":{"start":{"line":70,"column":8},"end":{"line":70,"column":54}},"23":{"start":{"line":71,"column":8},"end":{"line":71,"column":96}},"24":{"start":{"line":75,"column":8},"end":{"line":75,"column":84}},"25":{"start":{"line":76,"column":8},"end":{"line":76,"column":38}},"26":{"start":{"line":77,"column":8},"end":{"line":77,"column":2871}},"27":{"start":{"line":78,"column":12},"end":{"line":78,"column":42}},"28":{"start":{"line":86,"column":8},"end":{"line":86,"column":67}},"29":{"start":{"line":87,"column":8},"end":{"line":87,"column":43}},"30":{"start":{"line":91,"column":8},"end":{"line":91,"column":67}},"31":{"start":{"line":92,"column":8},"end":{"line":92,"column":110}},"32":{"start":{"line":93,"column":8},"end":{"line":93,"column":45}},"33":{"start":{"line":97,"column":8},"end":{"line":97,"column":67}},"34":{"start":{"line":98,"column":8},"end":{"line":98,"column":76}},"35":{"start":{"line":99,"column":8},"end":{"line":99,"column":35}},"36":{"start":{"line":103,"column":8},"end":{"line":103,"column":83}},"37":{"start":{"line":104,"column":8},"end":{"line":104,"column":38}},"38":{"start":{"line":105,"column":8},"end":{"line":105,"column":4017}},"39":{"start":{"line":106,"column":12},"end":{"line":106,"column":48}},"40":{"start":{"line":114,"column":8},"end":{"line":114,"column":67}},"41":{"start":{"line":115,"column":8},"end":{"line":115,"column":69}},"42":{"start":{"line":116,"column":8},"end":{"line":116,"column":21}},"43":{"start":{"line":120,"column":8},"end":{"line":120,"column":67}},"44":{"start":{"line":121,"column":8},"end":{"line":121,"column":34}},"45":{"start":{"line":125,"column":8},"end":{"line":125,"column":93}},"46":{"start":{"line":126,"column":8},"end":{"line":126,"column":106}},"47":{"start":{"line":127,"column":8},"end":{"line":127,"column":49}},"48":{"start":{"line":128,"column":8},"end":{"line":128,"column":73}},"49":{"start":{"line":129,"column":8},"end":{"line":129,"column":21}},"50":{"start":{"line":130,"column":8},"end":{"line":130,"column":5028}},"51":{"start":{"line":131,"column":12},"end":{"line":131,"column":56}},"52":{"start":{"line":133,"column":12},"end":{"line":133,"column":56}},"53":{"start":{"line":136,"column":8},"end":{"line":136,"column":33}}},"branchMap":{"1":{"line":28,"type":"if","locations":[{"start":{"line":28,"column":8},"end":{"line":28,"column":8}},{"start":{"line":28,"column":8},"end":{"line":28,"column":8}}]},"2":{"line":35,"type":"if","locations":[{"start":{"line":35,"column":8},"end":{"line":35,"column":8}},{"start":{"line":35,"column":8},"end":{"line":35,"column":8}}]},"3":{"line":36,"type":"if","locations":[{"start":{"line":36,"column":8},"end":{"line":36,"column":8}},{"start":{"line":36,"column":8},"end":{"line":36,"column":8}}]},"4":{"line":44,"type":"if","locations":[{"start":{"line":44,"column":8},"end":{"line":44,"column":8}},{"start":{"line":44,"column":8},"end":{"line":44,"column":8}}]},"5":{"line":68,"type":"if","locations":[{"start":{"line":68,"column":8},"end":{"line":68,"column":8}},{"start":{"line":68,"column":8},"end":{"line":68,"column":8}}]},"6":{"line":69,"type":"if","locations":[{"start":{"line":69,"column":8},"end":{"line":69,"column":8}},{"start":{"line":69,"column":8},"end":{"line":69,"column":8}}]},"7":{"line":75,"type":"if","locations":[{"start":{"line":75,"column":8},"end":{"line":75,"column":8}},{"start":{"line":75,"column":8},"end":{"line":75,"column":8}}]},"8":{"line":86,"type":"if","locations":[{"start":{"line":86,"column":8},"end":{"line":86,"column":8}},{"start":{"line":86,"column":8},"end":{"line":86,"column":8}}]},"9":{"line":91,"type":"if","locations":[{"start":{"line":91,"column":8},"end":{"line":91,"column":8}},{"start":{"line":91,"column":8},"end":{"line":91,"column":8}}]},"10":{"line":92,"type":"if","locations":[{"start":{"line":92,"column":8},"end":{"line":92,"column":8}},{"start":{"line":92,"column":8},"end":{"line":92,"column":8}}]},"11":{"line":97,"type":"if","locations":[{"start":{"line":97,"column":8},"end":{"line":97,"column":8}},{"start":{"line":97,"column":8},"end":{"line":97,"column":8}}]},"12":{"line":98,"type":"if","locations":[{"start":{"line":98,"column":8},"end":{"line":98,"column":8}},{"start":{"line":98,"column":8},"end":{"line":98,"column":8}}]},"13":{"line":103,"type":"if","locations":[{"start":{"line":103,"column":8},"end":{"line":103,"column":8}},{"start":{"line":103,"column":8},"end":{"line":103,"column":8}}]},"14":{"line":114,"type":"if","locations":[{"start":{"line":114,"column":8},"end":{"line":114,"column":8}},{"start":{"line":114,"column":8},"end":{"line":114,"column":8}}]},"15":{"line":115,"type":"if","locations":[{"start":{"line":115,"column":8},"end":{"line":115,"column":8}},{"start":{"line":115,"column":8},"end":{"line":115,"column":8}}]},"16":{"line":120,"type":"if","locations":[{"start":{"line":120,"column":8},"end":{"line":120,"column":8}},{"start":{"line":120,"column":8},"end":{"line":120,"column":8}}]},"17":{"line":125,"type":"if","locations":[{"start":{"line":125,"column":8},"end":{"line":125,"column":8}},{"start":{"line":125,"column":8},"end":{"line":125,"column":8}}]},"18":{"line":130,"type":"if","locations":[{"start":{"line":130,"column":8},"end":{"line":130,"column":8}},{"start":{"line":130,"column":8},"end":{"line":130,"column":8}}]}}},
"contracts/SingularityPool.sol":{"l":{"33":56,"34":54,"38":89,"39":89,"43":15,"44":15,"48":68,"49":68,"50":68,"51":68,"52":68,"53":68,"54":68,"63":27,"64":26,"67":25,"69":25,"70":22,"73":22,"76":22,"77":22,"80":3,"81":3,"82":3,"85":3,"88":3,"91":3,"92":3,"95":25,"110":12,"113":11,"116":11,"119":11,"122":11,"123":11,"124":11,"127":11,"130":11,"131":11,"133":11,"141":8,"144":7,"147":7,"150":7,"153":7,"154":7,"155":7,"156":7,"157":7,"158":7,"161":7,"163":7,"179":7,"182":7,"185":7,"186":7,"187":7,"190":7,"191":7,"192":7,"193":7,"194":7,"195":7,"198":7,"201":7,"203":7,"211":39,"212":1,"214":38,"222":141,"229":74,"230":1,"232":73,"233":73,"241":86,"242":85,"250":32,"252":32,"253":32,"254":32,"255":32,"257":0,"266":32,"268":32,"269":32,"270":32,"271":32,"273":0,"282":5,"284":4,"285":4,"286":3,"289":1,"290":1,"291":1,"292":1,"294":1,"295":1,"298":1,"299":1,"300":1,"302":0,"310":12,"312":7,"313":7,"314":5,"317":2,"318":2,"319":2,"323":2,"325":2,"326":2,"329":2,"330":2,"331":2,"333":0,"341":32,"343":31,"344":31,"345":31,"346":31,"347":0,"351":31,"352":31,"355":31,"362":33,"363":32,"365":31,"366":31,"367":31,"368":31,"369":0,"373":31,"374":31,"377":31,"384":67,"385":47,"387":20,"388":20,"389":20,"390":20,"393":1,"397":1,"401":18,"422":63,"424":63,"425":63,"426":0,"428":63,"429":63,"430":63,"431":63,"446":133,"447":1,"451":132,"452":5,"455":127,"456":127,"457":127,"465":65,"466":0,"468":65,"475":6,"477":4,"478":4,"480":4,"484":69,"485":69,"489":1,"490":1,"494":13,"495":13},"path":"/Users/alanguo/Documents/GitHub/revenant/singularity-v2/contracts/SingularityPool.sol","s":{"1":56,"2":89,"3":15,"4":68,"5":68,"6":68,"7":68,"8":68,"9":68,"10":68,"11":27,"12":26,"13":25,"14":25,"15":22,"16":22,"17":22,"18":22,"19":3,"20":3,"21":3,"22":3,"23":3,"24":3,"25":3,"26":25,"27":12,"28":11,"29":11,"30":11,"31":11,"32":11,"33":11,"34":11,"35":11,"36":11,"37":11,"38":8,"39":7,"40":7,"41":7,"42":7,"43":7,"44":7,"45":7,"46":7,"47":7,"48":7,"49":7,"50":7,"51":7,"52":7,"53":7,"54":7,"55":7,"56":7,"57":7,"58":7,"59":7,"60":7,"61":7,"62":7,"63":7,"64":39,"65":1,"66":38,"67":141,"68":74,"69":1,"70":73,"71":73,"72":86,"73":85,"74":32,"75":0,"76":32,"77":32,"78":32,"79":32,"80":0,"81":32,"82":0,"83":32,"84":32,"85":32,"86":32,"87":0,"88":5,"89":1,"90":4,"91":4,"92":3,"93":1,"94":1,"95":1,"96":1,"97":1,"98":1,"99":1,"100":1,"101":1,"102":0,"103":12,"104":5,"105":7,"106":7,"107":5,"108":2,"109":2,"110":2,"111":2,"112":2,"113":2,"114":2,"115":2,"116":2,"117":0,"118":32,"119":1,"120":31,"121":31,"122":31,"123":31,"124":0,"125":31,"126":31,"127":31,"128":33,"129":1,"130":32,"131":31,"132":31,"133":31,"134":31,"135":0,"136":31,"137":31,"138":31,"139":67,"140":47,"141":20,"142":20,"143":20,"144":20,"145":1,"146":19,"147":1,"148":18,"149":63,"150":0,"151":63,"152":63,"153":0,"154":63,"155":63,"156":63,"157":63,"158":133,"159":1,"160":132,"161":5,"162":127,"163":127,"164":127,"165":65,"166":0,"167":65,"168":6,"169":2,"170":4,"171":4,"172":4,"173":69,"174":69,"175":1,"176":1,"177":13,"178":13},"b":{"1":[54,2],"2":[89,0],"3":[15,0],"4":[26,1],"5":[25,1],"6":[22,3],"7":[11,1],"8":[7,1],"9":[7,0],"10":[7,0],"11":[7,0],"12":[7,0],"13":[1,38],"14":[1,73],"15":[85,0],"16":[0,32],"17":[32,0],"18":[0,32],"19":[32,0],"20":[1,4],"21":[3,1],"22":[1,0],"23":[1,0],"24":[5,7],"25":[5,2],"26":[2,0],"27":[2,0],"28":[1,31],"29":[0,31],"30":[1,32],"31":[31,1],"32":[0,31],"33":[47,20],"34":[1,19],"35":[1,18],"36":[0,63],"37":[0,63],"38":[1,132],"39":[5,127],"40":[0,65],"41":[2,4]},"f":{"1":56,"2":89,"3":15,"4":68,"5":27,"6":12,"7":8,"8":7,"9":39,"10":141,"11":74,"12":86,"13":32,"14":32,"15":5,"16":12,"17":32,"18":33,"19":67,"20":63,"21":133,"22":65,"23":6,"24":69,"25":1,"26":13},"fnMap":{"1":{"name":"notPaused","line":32,"loc":{"start":{"line":32,"column":4},"end":{"line":35,"column":4}}},"2":{"name":"onlyFactory","line":37,"loc":{"start":{"line":37,"column":4},"end":{"line":40,"column":4}}},"3":{"name":"onlyRouter","line":42,"loc":{"start":{"line":42,"column":4},"end":{"line":45,"column":4}}},"4":{"name":"constructor","line":47,"loc":{"start":{"line":47,"column":4},"end":{"line":55,"column":4}}},"5":{"name":"deposit","line":62,"loc":{"start":{"line":62,"column":4},"end":{"line":96,"column":4}}},"6":{"name":"withdraw","line":107,"loc":{"start":{"line":103,"column":4},"end":{"line":134,"column":4}}},"7":{"name":"swapIn","line":140,"loc":{"start":{"line":140,"column":4},"end":{"line":164,"column":4}}},"8":{"name":"swapOut","line":176,"loc":{"start":{"line":171,"column":4},"end":{"line":204,"column":4}}},"9":{"name":"getPricePerShare","line":210,"loc":{"start":{"line":210,"column":4},"end":{"line":216,"column":4}}},"10":{"name":"getAssetsAndLiabilities","line":221,"loc":{"start":{"line":221,"column":4},"end":{"line":223,"column":4}}},"11":{"name":"getCollateralizationRatio","line":228,"loc":{"start":{"line":228,"column":4},"end":{"line":235,"column":4}}},"12":{"name":"getOracleData","line":240,"loc":{"start":{"line":240,"column":4},"end":{"line":243,"column":4}}},"13":{"name":"getAmountToUSD","line":249,"loc":{"start":{"line":249,"column":4},"end":{"line":259,"column":4}}},"14":{"name":"getUSDToAmount","line":265,"loc":{"start":{"line":265,"column":4},"end":{"line":275,"column":4}}},"15":{"name":"getDepositFee","line":281,"loc":{"start":{"line":281,"column":4},"end":{"line":304,"column":4}}},"16":{"name":"getWithdrawalFee","line":309,"loc":{"start":{"line":309,"column":4},"end":{"line":335,"column":4}}},"17":{"name":"getSlippageIn","line":340,"loc":{"start":{"line":340,"column":4},"end":{"line":356,"column":4}}},"18":{"name":"getSlippageOut","line":361,"loc":{"start":{"line":361,"column":4},"end":{"line":378,"column":4}}},"19":{"name":"getTradingFeeRate","line":383,"loc":{"start":{"line":383,"column":4},"end":{"line":404,"column":4}}},"20":{"name":"getTradingFees","line":412,"loc":{"start":{"line":412,"column":4},"end":{"line":432,"column":4}}},"21":{"name":"_getG","line":445,"loc":{"start":{"line":445,"column":4},"end":{"line":458,"column":4}}},"22":{"name":"_calcCollatalizationRatio","line":460,"loc":{"start":{"line":460,"column":4},"end":{"line":470,"column":4}}},"23":{"name":"collectFees","line":474,"loc":{"start":{"line":474,"column":4},"end":{"line":481,"column":4}}},"24":{"name":"setDepositCap","line":483,"loc":{"start":{"line":483,"column":4},"end":{"line":486,"column":4}}},"25":{"name":"setBaseFee","line":488,"loc":{"start":{"line":488,"column":4},"end":{"line":491,"column":4}}},"26":{"name":"setPaused","line":493,"loc":{"start":{"line":493,"column":4},"end":{"line":496,"column":4}}}},"statementMap":{"1":{"start":{"line":33,"column":8},"end":{"line":33,"column":50}},"2":{"start":{"line":38,"column":8},"end":{"line":38,"column":69}},"3":{"start":{"line":43,"column":8},"end":{"line":43,"column":98}},"4":{"start":{"line":48,"column":8},"end":{"line":48,"column":93}},"5":{"start":{"line":49,"column":8},"end":{"line":49,"column":70}},"6":{"start":{"line":50,"column":8},"end":{"line":50,"column":58}},"7":{"start":{"line":51,"column":8},"end":{"line":51,"column":98}},"8":{"start":{"line":52,"column":8},"end":{"line":52,"column":81}},"9":{"start":{"line":53,"column":8},"end":{"line":53,"column":42}},"10":{"start":{"line":54,"column":8},"end":{"line":54,"column":20}},"11":{"start":{"line":63,"column":8},"end":{"line":63,"column":59}},"12":{"start":{"line":64,"column":8},"end":{"line":64,"column":90}},"13":{"start":{"line":67,"column":8},"end":{"line":67,"column":72}},"14":{"start":{"line":69,"column":8},"end":{"line":69,"column":2565}},"15":{"start":{"line":70,"column":12},"end":{"line":70,"column":30}},"16":{"start":{"line":73,"column":12},"end":{"line":73,"column":32}},"17":{"start":{"line":76,"column":12},"end":{"line":76,"column":27}},"18":{"start":{"line":77,"column":12},"end":{"line":77,"column":32}},"19":{"start":{"line":80,"column":12},"end":{"line":80,"column":54}},"20":{"start":{"line":81,"column":12},"end":{"line":81,"column":37}},"21":{"start":{"line":82,"column":12},"end":{"line":82,"column":55}},"22":{"start":{"line":85,"column":12},"end":{"line":85,"column":68}},"23":{"start":{"line":88,"column":12},"end":{"line":88,"column":32}},"24":{"start":{"line":91,"column":12},"end":{"line":91,"column":34}},"25":{"start":{"line":92,"column":12},"end":{"line":92,"column":39}},"26":{"start":{"line":95,"column":8},"end":{"line":95,"column":56}},"27":{"start":{"line":110,"column":8},"end":{"line":110,"column":61}},"28":{"start":{"line":113,"column":8},"end":{"line":113,"column":50}},"29":{"start":{"line":116,"column":8},"end":{"line":116,"column":34}},"30":{"start":{"line":119,"column":8},"end":{"line":119,"column":59}},"31":{"start":{"line":122,"column":8},"end":{"line":122,"column":56}},"32":{"start":{"line":123,"column":8},"end":{"line":123,"column":36}},"33":{"start":{"line":124,"column":8},"end":{"line":124,"column":48}},"34":{"start":{"line":127,"column":8},"end":{"line":127,"column":55}},"35":{"start":{"line":130,"column":8},"end":{"line":130,"column":23}},"36":{"start":{"line":131,"column":8},"end":{"line":131,"column":28}},"37":{"start":{"line":133,"column":8},"end":{"line":133,"column":65}},"38":{"start":{"line":141,"column":8},"end":{"line":141,"column":61}},"39":{"start":{"line":144,"column":8},"end":{"line":144,"column":71}},"40":{"start":{"line":147,"column":8},"end":{"line":147,"column":74}},"41":{"start":{"line":150,"column":8},"end":{"line":150,"column":25}},"42":{"start":{"line":153,"column":8},"end":{"line":153,"column":99}},"43":{"start":{"line":154,"column":8},"end":{"line":154,"column":78}},"44":{"start":{"line":155,"column":8},"end":{"line":155,"column":34}},"45":{"start":{"line":156,"column":8},"end":{"line":156,"column":28}},"46":{"start":{"line":157,"column":8},"end":{"line":157,"column":27}},"47":{"start":{"line":158,"column":8},"end":{"line":158,"column":61}},"48":{"start":{"line":161,"column":8},"end":{"line":161,"column":48}},"49":{"start":{"line":163,"column":8},"end":{"line":163,"column":52}},"50":{"start":{"line":179,"column":8},"end":{"line":179,"column":61}},"51":{"start":{"line":182,"column":8},"end":{"line":182,"column":49}},"52":{"start":{"line":185,"column":8},"end":{"line":185,"column":49}},"53":{"start":{"line":186,"column":8},"end":{"line":186,"column":78}},"54":{"start":{"line":187,"column":8},"end":{"line":187,"column":54}},"55":{"start":{"line":190,"column":8},"end":{"line":190,"column":99}},"56":{"start":{"line":191,"column":8},"end":{"line":191,"column":78}},"57":{"start":{"line":192,"column":8},"end":{"line":192,"column":34}},"58":{"start":{"line":193,"column":8},"end":{"line":193,"column":28}},"59":{"start":{"line":194,"column":8},"end":{"line":194,"column":27}},"60":{"start":{"line":195,"column":8},"end":{"line":195,"column":48}},"61":{"start":{"line":198,"column":8},"end":{"line":198,"column":48}},"62":{"start":{"line":201,"column":8},"end":{"line":201,"column":26}},"63":{"start":{"line":203,"column":8},"end":{"line":203,"column":57}},"64":{"start":{"line":211,"column":8},"end":{"line":211,"column":7598}},"65":{"start":{"line":212,"column":12},"end":{"line":212,"column":34}},"66":{"start":{"line":214,"column":12},"end":{"line":214,"column":62}},"67":{"start":{"line":222,"column":8},"end":{"line":222,"column":36}},"68":{"start":{"line":229,"column":8},"end":{"line":229,"column":8371}},"69":{"start":{"line":230,"column":12},"end":{"line":230,"column":43}},"70":{"start":{"line":232,"column":12},"end":{"line":232,"column":79}},"71":{"start":{"line":233,"column":12},"end":{"line":233,"column":68}},"72":{"start":{"line":241,"column":8},"end":{"line":241,"column":112}},"73":{"start":{"line":242,"column":8},"end":{"line":242,"column":72}},"74":{"start":{"line":250,"column":8},"end":{"line":250,"column":33}},"75":{"start":{"line":250,"column":25},"end":{"line":250,"column":33}},"76":{"start":{"line":252,"column":8},"end":{"line":252,"column":48}},"77":{"start":{"line":253,"column":8},"end":{"line":253,"column":44}},"78":{"start":{"line":254,"column":8},"end":{"line":254,"column":9590}},"79":{"start":{"line":255,"column":12},"end":{"line":255,"column":39}},"80":{"start":{"line":257,"column":12},"end":{"line":257,"column":39}},"81":{"start":{"line":266,"column":8},"end":{"line":266,"column":32}},"82":{"start":{"line":266,"column":24},"end":{"line":266,"column":32}},"83":{"start":{"line":268,"column":8},"end":{"line":268,"column":48}},"84":{"start":{"line":269,"column":8},"end":{"line":269,"column":44}},"85":{"start":{"line":270,"column":8},"end":{"line":270,"column":10218}},"86":{"start":{"line":271,"column":12},"end":{"line":271,"column":40}},"87":{"start":{"line":273,"column":12},"end":{"line":273,"column":40}},"88":{"start":{"line":282,"column":8},"end":{"line":282,"column":53}},"89":{"start":{"line":282,"column":45},"end":{"line":282,"column":53}},"90":{"start":{"line":284,"column":8},"end":{"line":284,"column":75}},"91":{"start":{"line":285,"column":8},"end":{"line":285,"column":10800}},"92":{"start":{"line":286,"column":12},"end":{"line":286,"column":20}},"93":{"start":{"line":289,"column":8},"end":{"line":289,"column":63}},"94":{"start":{"line":290,"column":8},"end":{"line":290,"column":75}},"95":{"start":{"line":291,"column":8},"end":{"line":291,"column":112}},"96":{"start":{"line":292,"column":8},"end":{"line":292,"column":59}},"97":{"start":{"line":294,"column":8},"end":{"line":294,"column":95}},"98":{"start":{"line":295,"column":8},"end":{"line":295,"column":56}},"99":{"start":{"line":298,"column":8},"end":{"line":298,"column":11390}},"100":{"start":{"line":299,"column":12},"end":{"line":299,"column":28}},"101":{"start":{"line":300,"column":12},"end":{"line":300,"column":71}},"102":{"start":{"line":302,"column":12},"end":{"line":302,"column":18}},"103":{"start":{"line":310,"column":8},"end":{"line":310,"column":58}},"104":{"start":{"line":310,"column":50},"end":{"line":310,"column":58}},"105":{"start":{"line":312,"column":8},"end":{"line":312,"column":75}},"106":{"start":{"line":313,"column":8},"end":{"line":313,"column":11970}},"107":{"start":{"line":314,"column":12},"end":{"line":314,"column":20}},"108":{"start":{"line":317,"column":8},"end":{"line":317,"column":63}},"109":{"start":{"line":318,"column":8},"end":{"line":318,"column":75}},"110":{"start":{"line":319,"column":8},"end":{"line":319,"column":12202}},"111":{"start":{"line":323,"column":8},"end":{"line":323,"column":59}},"112":{"start":{"line":325,"column":8},"end":{"line":325,"column":95}},"113":{"start":{"line":326,"column":8},"end":{"line":326,"column":56}},"114":{"start":{"line":329,"column":8},"end":{"line":329,"column":12617}},"115":{"start":{"line":330,"column":12},"end":{"line":330,"column":28}},"116":{"start":{"line":331,"column":12},"end":{"line":331,"column":71}},"117":{"start":{"line":333,"column":12},"end":{"line":333,"column":18}},"118":{"start":{"line":341,"column":8},"end":{"line":341,"column":33}},"119":{"start":{"line":341,"column":25},"end":{"line":341,"column":33}},"120":{"start":{"line":343,"column":8},"end":{"line":343,"column":75}},"121":{"start":{"line":344,"column":8},"end":{"line":344,"column":75}},"122":{"start":{"line":345,"column":8},"end":{"line":345,"column":103}},"123":{"start":{"line":346,"column":8},"end":{"line":346,"column":13348}},"124":{"start":{"line":347,"column":12},"end":{"line":347,"column":20}},"125":{"start":{"line":351,"column":8},"end":{"line":351,"column":97}},"126":{"start":{"line":352,"column":8},"end":{"line":352,"column":102}},"127":{"start":{"line":355,"column":8},"end":{"line":355,"column":45}},"128":{"start":{"line":362,"column":8},"end":{"line":362,"column":33}},"129":{"start":{"line":362,"column":25},"end":{"line":362,"column":33}},"130":{"start":{"line":363,"column":8},"end":{"line":363,"column":73}},"131":{"start":{"line":365,"column":8},"end":{"line":365,"column":75}},"132":{"start":{"line":366,"column":8},"end":{"line":366,"column":75}},"133":{"start":{"line":367,"column":8},"end":{"line":367,"column":103}},"134":{"start":{"line":368,"column":8},"end":{"line":368,"column":14396}},"135":{"start":{"line":369,"column":12},"end":{"line":369,"column":20}},"136":{"start":{"line":373,"column":8},"end":{"line":373,"column":97}},"137":{"start":{"line":374,"column":8},"end":{"line":374,"column":100}},"138":{"start":{"line":377,"column":8},"end":{"line":377,"column":44}},"139":{"start":{"line":384,"column":8},"end":{"line":384,"column":15056}},"140":{"start":{"line":385,"column":12},"end":{"line":385,"column":26}},"141":{"start":{"line":387,"column":12},"end":{"line":387,"column":51}},"142":{"start":{"line":388,"column":12},"end":{"line":388,"column":74}},"143":{"start":{"line":389,"column":12},"end":{"line":389,"column":65}},"144":{"start":{"line":390,"column":12},"end":{"line":390,"column":15333}},"145":{"start":{"line":393,"column":16},"end":{"line":393,"column":49}},"146":{"start":{"line":394,"column":19},"end":{"line":394,"column":15548}},"147":{"start":{"line":397,"column":16},"end":{"line":397,"column":43}},"148":{"start":{"line":401,"column":16},"end":{"line":401,"column":82}},"149":{"start":{"line":422,"column":8},"end":{"line":422,"column":41}},"150":{"start":{"line":422,"column":25},"end":{"line":422,"column":41}},"151":{"start":{"line":424,"column":8},"end":{"line":424,"column":52}},"152":{"start":{"line":425,"column":8},"end":{"line":425,"column":16538}},"153":{"start":{"line":426,"column":12},"end":{"line":426,"column":76}},"154":{"start":{"line":428,"column":8},"end":{"line":428,"column":49}},"155":{"start":{"line":429,"column":8},"end":{"line":429,"column":82}},"156":{"start":{"line":430,"column":8},"end":{"line":430,"column":56}},"157":{"start":{"line":431,"column":8},"end":{"line":431,"column":37}},"158":{"start":{"line":446,"column":8},"end":{"line":446,"column":17444}},"159":{"start":{"line":447,"column":12},"end":{"line":447,"column":59}},"160":{"start":{"line":451,"column":8},"end":{"line":451,"column":17618}},"161":{"start":{"line":452,"column":12},"end":{"line":452,"column":20}},"162":{"start":{"line":455,"column":8},"end":{"line":455,"column":41}},"163":{"start":{"line":456,"column":8},"end":{"line":456,"column":69}},"164":{"start":{"line":457,"column":8},"end":{"line":457,"column":42}},"165":{"start":{"line":465,"column":8},"end":{"line":465,"column":18036}},"166":{"start":{"line":466,"column":12},"end":{"line":466,"column":48}},"167":{"start":{"line":468,"column":12},"end":{"line":468,"column":73}},"168":{"start":{"line":475,"column":8},"end":{"line":475,"column":37}},"169":{"start":{"line":475,"column":31},"end":{"line":475,"column":37}},"170":{"start":{"line":477,"column":8},"end":{"line":477,"column":54}},"171":{"start":{"line":478,"column":8},"end":{"line":478,"column":23}},"172":{"start":{"line":480,"column":8},"end":{"line":480,"column":38}},"173":{"start":{"line":484,"column":8},"end":{"line":484,"column":53}},"174":{"start":{"line":485,"column":8},"end":{"line":485,"column":33}},"175":{"start":{"line":489,"column":8},"end":{"line":489,"column":44}},"176":{"start":{"line":490,"column":8},"end":{"line":490,"column":27}},"177":{"start":{"line":494,"column":8},"end":{"line":494,"column":37}},"178":{"start":{"line":495,"column":8},"end":{"line":495,"column":21}}},"branchMap":{"1":{"line":33,"type":"if","locations":[{"start":{"line":33,"column":8},"end":{"line":33,"column":8}},{"start":{"line":33,"column":8},"end":{"line":33,"column":8}}]},"2":{"line":38,"type":"if","locations":[{"start":{"line":38,"column":8},"end":{"line":38,"column":8}},{"start":{"line":38,"column":8},"end":{"line":38,"column":8}}]},"3":{"line":43,"type":"if","locations":[{"start":{"line":43,"column":8},"end":{"line":43,"column":8}},{"start":{"line":43,"column":8},"end":{"line":43,"column":8}}]},"4":{"line":63,"type":"if","locations":[{"start":{"line":63,"column":8},"end":{"line":63,"column":8}},{"start":{"line":63,"column":8},"end":{"line":63,"column":8}}]},"5":{"line":64,"type":"if","locations":[{"start":{"line":64,"column":8},"end":{"line":64,"column":8}},{"start":{"line":64,"column":8},"end":{"line":64,"column":8}}]},"6":{"line":69,"type":"if","locations":[{"start":{"line":69,"column":8},"end":{"line":69,"column":8}},{"start":{"line":69,"column":8},"end":{"line":69,"column":8}}]},"7":{"line":110,"type":"if","locations":[{"start":{"line":110,"column":8},"end":{"line":110,"column":8}},{"start":{"line":110,"column":8},"end":{"line":110,"column":8}}]},"8":{"line":141,"type":"if","locations":[{"start":{"line":141,"column":8},"end":{"line":141,"column":8}},{"start":{"line":141,"column":8},"end":{"line":141,"column":8}}]},"9":{"line":154,"type":"if","locations":[{"start":{"line":154,"column":8},"end":{"line":154,"column":8}},{"start":{"line":154,"column":8},"end":{"line":154,"column":8}}]},"10":{"line":179,"type":"if","locations":[{"start":{"line":179,"column":8},"end":{"line":179,"column":8}},{"start":{"line":179,"column":8},"end":{"line":179,"column":8}}]},"11":{"line":186,"type":"if","locations":[{"start":{"line":186,"column":8},"end":{"line":186,"column":8}},{"start":{"line":186,"column":8},"end":{"line":186,"column":8}}]},"12":{"line":191,"type":"if","locations":[{"start":{"line":191,"column":8},"end":{"line":191,"column":8}},{"start":{"line":191,"column":8},"end":{"line":191,"column":8}}]},"13":{"line":211,"type":"if","locations":[{"start":{"line":211,"column":8},"end":{"line":211,"column":8}},{"start":{"line":211,"column":8},"end":{"line":211,"column":8}}]},"14":{"line":229,"type":"if","locations":[{"start":{"line":229,"column":8},"end":{"line":229,"column":8}},{"start":{"line":229,"column":8},"end":{"line":229,"column":8}}]},"15":{"line":242,"type":"if","locations":[{"start":{"line":242,"column":8},"end":{"line":242,"column":8}},{"start":{"line":242,"column":8},"end":{"line":242,"column":8}}]},"16":{"line":250,"type":"if","locations":[{"start":{"line":250,"column":8},"end":{"line":250,"column":8}},{"start":{"line":250,"column":8},"end":{"line":250,"column":8}}]},"17":{"line":254,"type":"if","locations":[{"start":{"line":254,"column":8},"end":{"line":254,"column":8}},{"start":{"line":254,"column":8},"end":{"line":254,"column":8}}]},"18":{"line":266,"type":"if","locations":[{"start":{"line":266,"column":8},"end":{"line":266,"column":8}},{"start":{"line":266,"column":8},"end":{"line":266,"column":8}}]},"19":{"line":270,"type":"if","locations":[{"start":{"line":270,"column":8},"end":{"line":270,"column":8}},{"start":{"line":270,"column":8},"end":{"line":270,"column":8}}]},"20":{"line":282,"type":"if","locations":[{"start":{"line":282,"column":8},"end":{"line":282,"column":8}},{"start":{"line":282,"column":8},"end":{"line":282,"column":8}}]},"21":{"line":285,"type":"if","locations":[{"start":{"line":285,"column":8},"end":{"line":285,"column":8}},{"start":{"line":285,"column":8},"end":{"line":285,"column":8}}]},"22":{"line":298,"type":"if","locations":[{"start":{"line":298,"column":8},"end":{"line":298,"column":8}},{"start":{"line":298,"column":8},"end":{"line":298,"column":8}}]},"23":{"line":300,"type":"if","locations":[{"start":{"line":300,"column":12},"end":{"line":300,"column":12}},{"start":{"line":300,"column":12},"end":{"line":300,"column":12}}]},"24":{"line":310,"type":"if","locations":[{"start":{"line":310,"column":8},"end":{"line":310,"column":8}},{"start":{"line":310,"column":8},"end":{"line":310,"column":8}}]},"25":{"line":313,"type":"if","locations":[{"start":{"line":313,"column":8},"end":{"line":313,"column":8}},{"start":{"line":313,"column":8},"end":{"line":313,"column":8}}]},"26":{"line":329,"type":"if","locations":[{"start":{"line":329,"column":8},"end":{"line":329,"column":8}},{"start":{"line":329,"column":8},"end":{"line":329,"column":8}}]},"27":{"line":331,"type":"if","locations":[{"start":{"line":331,"column":12},"end":{"line":331,"column":12}},{"start":{"line":331,"column":12},"end":{"line":331,"column":12}}]},"28":{"line":341,"type":"if","locations":[{"start":{"line":341,"column":8},"end":{"line":341,"column":8}},{"start":{"line":341,"column":8},"end":{"line":341,"column":8}}]},"29":{"line":346,"type":"if","locations":[{"start":{"line":346,"column":8},"end":{"line":346,"column":8}},{"start":{"line":346,"column":8},"end":{"line":346,"column":8}}]},"30":{"line":362,"type":"if","locations":[{"start":{"line":362,"column":8},"end":{"line":362,"column":8}},{"start":{"line":362,"column":8},"end":{"line":362,"column":8}}]},"31":{"line":363,"type":"if","locations":[{"start":{"line":363,"column":8},"end":{"line":363,"column":8}},{"start":{"line":363,"column":8},"end":{"line":363,"column":8}}]},"32":{"line":368,"type":"if","locations":[{"start":{"line":368,"column":8},"end":{"line":368,"column":8}},{"start":{"line":368,"column":8},"end":{"line":368,"column":8}}]},"33":{"line":384,"type":"if","locations":[{"start":{"line":384,"column":8},"end":{"line":384,"column":8}},{"start":{"line":384,"column":8},"end":{"line":384,"column":8}}]},"34":{"line":390,"type":"if","locations":[{"start":{"line":390,"column":12},"end":{"line":390,"column":12}},{"start":{"line":390,"column":12},"end":{"line":390,"column":12}}]},"35":{"line":394,"type":"if","locations":[{"start":{"line":394,"column":19},"end":{"line":394,"column":19}},{"start":{"line":394,"column":19},"end":{"line":394,"column":19}}]},"36":{"line":422,"type":"if","locations":[{"start":{"line":422,"column":8},"end":{"line":422,"column":8}},{"start":{"line":422,"column":8},"end":{"line":422,"column":8}}]},"37":{"line":425,"type":"if","locations":[{"start":{"line":425,"column":8},"end":{"line":425,"column":8}},{"start":{"line":425,"column":8},"end":{"line":425,"column":8}}]},"38":{"line":446,"type":"if","locations":[{"start":{"line":446,"column":8},"end":{"line":446,"column":8}},{"start":{"line":446,"column":8},"end":{"line":446,"column":8}}]},"39":{"line":451,"type":"if","locations":[{"start":{"line":451,"column":8},"end":{"line":451,"column":8}},{"start":{"line":451,"column":8},"end":{"line":451,"column":8}}]},"40":{"line":465,"type":"if","locations":[{"start":{"line":465,"column":8},"end":{"line":465,"column":8}},{"start":{"line":465,"column":8},"end":{"line":465,"column":8}}]},"41":{"line":475,"type":"if","locations":[{"start":{"line":475,"column":8},"end":{"line":475,"column":8}},{"start":{"line":475,"column":8},"end":{"line":475,"column":8}}]}}},
"contracts/SingularityPoolToken.sol":{"l":{"28":68,"29":68,"33":66,"35":66,"37":66,"41":1,"45":1,"46":1,"49":1,"51":1,"59":12,"61":12,"63":11,"67":11,"68":11,"71":11,"73":11,"85":3,"89":2,"90":2,"109":2,"110":2,"115":2,"118":2,"122":3,"126":68,"139":25,"143":25,"144":25,"147":25,"151":11,"155":11,"156":11,"159":11},"path":"/Users/alanguo/Documents/GitHub/revenant/singularity-v2/contracts/SingularityPoolToken.sol","s":{"1":68,"2":68,"3":66,"4":66,"5":66,"6":1,"7":1,"8":1,"9":1,"10":12,"11":12,"12":1,"13":11,"14":11,"15":11,"16":11,"17":3,"18":2,"19":2,"20":2,"21":2,"22":2,"23":3,"24":68,"25":25,"26":25,"27":25,"28":11,"29":11,"30":11},"b":{"1":[1,11],"2":[2,1],"3":[2,0]},"f":{"1":68,"2":66,"3":1,"4":12,"5":3,"6":3,"7":68,"8":25,"9":11},"fnMap":{"1":{"name":"_initialize","line":27,"loc":{"start":{"line":27,"column":4},"end":{"line":30,"column":4}}},"2":{"name":"approve","line":32,"loc":{"start":{"line":32,"column":4},"end":{"line":38,"column":4}}},"3":{"name":"transfer","line":40,"loc":{"start":{"line":40,"column":4},"end":{"line":52,"column":4}}},"4":{"name":"transferFrom","line":54,"loc":{"start":{"line":54,"column":4},"end":{"line":74,"column":4}}},"5":{"name":"permit","line":76,"loc":{"start":{"line":76,"column":4},"end":{"line":119,"column":4}}},"6":{"name":"DOMAIN_SEPARATOR","line":121,"loc":{"start":{"line":121,"column":4},"end":{"line":123,"column":4}}},"7":{"name":"computeDomainSeparator","line":125,"loc":{"start":{"line":125,"column":4},"end":{"line":136,"column":4}}},"8":{"name":"_mint","line":138,"loc":{"start":{"line":138,"column":4},"end":{"line":148,"column":4}}},"9":{"name":"_burn","line":150,"loc":{"start":{"line":150,"column":4},"end":{"line":160,"column":4}}}},"statementMap":{"1":{"start":{"line":28,"column":8},"end":{"line":28,"column":39}},"2":{"start":{"line":29,"column":8},"end":{"line":29,"column":58}},"3":{"start":{"line":33,"column":8},"end":{"line":33,"column":45}},"4":{"start":{"line":35,"column":8},"end":{"line":35,"column":49}},"5":{"start":{"line":37,"column":8},"end":{"line":37,"column":19}},"6":{"start":{"line":41,"column":8},"end":{"line":41,"column":37}},"7":{"start":{"line":46,"column":12},"end":{"line":46,"column":33}},"8":{"start":{"line":49,"column":8},"end":{"line":49,"column":44}},"9":{"start":{"line":51,"column":8},"end":{"line":51,"column":19}},"10":{"start":{"line":59,"column":8},"end":{"line":59,"column":53}},"11":{"start":{"line":61,"column":8},"end":{"line":61,"column":87}},"12":{"start":{"line":61,"column":42},"end":{"line":61,"column":86}},"13":{"start":{"line":63,"column":8},"end":{"line":63,"column":31}},"14":{"start":{"line":68,"column":12},"end":{"line":68,"column":33}},"15":{"start":{"line":71,"column":8},"end":{"line":71,"column":38}},"16":{"start":{"line":73,"column":8},"end":{"line":73,"column":19}},"17":{"start":{"line":85,"column":8},"end":{"line":85,"column":76}},"18":{"start":{"line":90,"column":12},"end":{"line":90,"column":2578}},"19":{"start":{"line":109,"column":12},"end":{"line":109,"column":65}},"20":{"start":{"line":110,"column":12},"end":{"line":110,"column":3315}},"21":{"start":{"line":115,"column":12},"end":{"line":115,"column":55}},"22":{"start":{"line":118,"column":8},"end":{"line":118,"column":44}},"23":{"start":{"line":122,"column":8},"end":{"line":122,"column":102}},"24":{"start":{"line":126,"column":8},"end":{"line":126,"column":3859}},"25":{"start":{"line":139,"column":8},"end":{"line":139,"column":27}},"26":{"start":{"line":144,"column":12},"end":{"line":144,"column":33}},"27":{"start":{"line":147,"column":8},"end":{"line":147,"column":44}},"28":{"start":{"line":151,"column":8},"end":{"line":151,"column":31}},"29":{"start":{"line":156,"column":12},"end":{"line":156,"column":31}},"30":{"start":{"line":159,"column":8},"end":{"line":159,"column":46}}},"branchMap":{"1":{"line":61,"type":"if","locations":[{"start":{"line":61,"column":8},"end":{"line":61,"column":8}},{"start":{"line":61,"column":8},"end":{"line":61,"column":8}}]},"2":{"line":85,"type":"if","locations":[{"start":{"line":85,"column":8},"end":{"line":85,"column":8}},{"start":{"line":85,"column":8},"end":{"line":85,"column":8}}]},"3":{"line":110,"type":"if","locations":[{"start":{"line":110,"column":12},"end":{"line":110,"column":12}},{"start":{"line":110,"column":12},"end":{"line":110,"column":12}}]}}},
"contracts/SingularityRouter.sol":{"l":{"26":51,"27":51,"31":66,"32":66,"33":66,"34":66,"35":66,"39":3,"50":6,"51":6,"52":6,"53":6,"55":5,"65":2,"66":1,"67":1,"68":1,"69":1,"71":1,"82":2,"83":1,"84":1,"85":1,"86":1,"87":1,"88":1,"90":1,"99":8,"100":8,"101":8,"102":8,"103":7,"104":7,"114":25,"115":25,"123":3,"124":3,"133":28,"134":28,"135":28,"136":25,"146":11,"147":11,"148":11,"149":9,"158":2,"159":2,"160":2,"174":1,"175":1,"176":1,"177":1,"190":1,"191":1,"192":1,"193":1,"197":108,"205":2,"207":2,"208":1,"210":1,"211":1,"212":1,"213":1,"223":1,"224":1,"225":1,"226":1,"227":1,"235":25,"236":1,"239":24,"241":24,"242":24,"244":24,"245":24,"246":24,"248":24,"250":24,"251":24,"253":24,"254":24,"255":24,"257":24,"258":24,"259":24,"263":3,"265":3,"270":3},"path":"/Users/alanguo/Documents/GitHub/revenant/singularity-v2/contracts/SingularityRouter.sol","s":{"1":51,"2":66,"3":66,"4":66,"5":66,"6":66,"7":6,"8":6,"9":6,"10":6,"11":5,"12":2,"13":1,"14":1,"15":1,"16":1,"17":1,"18":2,"19":1,"20":1,"21":1,"22":1,"23":1,"24":1,"25":1,"26":8,"27":8,"28":8,"29":8,"30":7,"31":7,"32":25,"33":25,"34":3,"35":3,"36":28,"37":28,"38":28,"39":25,"40":11,"41":11,"42":11,"43":9,"44":2,"45":2,"46":2,"47":1,"48":1,"49":1,"50":1,"51":1,"52":1,"53":1,"54":1,"55":108,"56":2,"57":2,"58":1,"59":1,"60":1,"61":1,"62":1,"63":1,"64":1,"65":1,"66":1,"67":1,"68":25,"69":1,"70":24,"71":24,"72":24,"73":24,"74":24,"75":24,"76":24,"77":24,"78":24,"79":24,"80":24,"81":24,"82":24,"83":24,"84":24,"85":3,"86":3},"b":{"1":[51,0],"2":[66,0],"3":[66,0],"4":[6,0],"5":[1,1],"6":[1,0],"7":[1,1],"8":[1,0],"9":[8,0],"10":[24,1],"11":[8,1],"12":[1,1],"13":[1,24],"14":[24,0],"15":[24,0],"16":[24,0],"17":[3,0]},"f":{"1":51,"2":66,"3":6,"4":2,"5":2,"6":8,"7":25,"8":3,"9":28,"10":11,"11":2,"12":1,"13":1,"14":108,"15":2,"16":1,"17":25,"18":3},"fnMap":{"1":{"name":"ensure","line":25,"loc":{"start":{"line":25,"column":4},"end":{"line":28,"column":4}}},"2":{"name":"constructor","line":30,"loc":{"start":{"line":30,"column":4},"end":{"line":36,"column":4}}},"3":{"name":"swapExactTokensForTokens","line":49,"loc":{"start":{"line":42,"column":4},"end":{"line":56,"column":4}}},"4":{"name":"swapExactETHForTokens","line":64,"loc":{"start":{"line":58,"column":4},"end":{"line":72,"column":4}}},"5":{"name":"swapExactTokensForETH","line":81,"loc":{"start":{"line":74,"column":4},"end":{"line":91,"column":4}}},"6":{"name":"_swap","line":93,"loc":{"start":{"line":93,"column":4},"end":{"line":105,"column":4}}},"7":{"name":"addLiquidity","line":113,"loc":{"start":{"line":107,"column":4},"end":{"line":116,"column":4}}},"8":{"name":"addLiquidityETH","line":122,"loc":{"start":{"line":118,"column":4},"end":{"line":125,"column":4}}},"9":{"name":"_addLiquidity","line":127,"loc":{"start":{"line":127,"column":4},"end":{"line":137,"column":4}}},"10":{"name":"removeLiquidity","line":145,"loc":{"start":{"line":139,"column":4},"end":{"line":150,"column":4}}},"11":{"name":"removeLiquidityETH","line":157,"loc":{"start":{"line":152,"column":4},"end":{"line":161,"column":4}}},"12":{"name":"removeLiquidityWithPermit","line":163,"loc":{"start":{"line":163,"column":4},"end":{"line":178,"column":4}}},"13":{"name":"removeLiquidityETHWithPermit","line":180,"loc":{"start":{"line":180,"column":4},"end":{"line":194,"column":4}}},"14":{"name":"poolFor","line":196,"loc":{"start":{"line":196,"column":4},"end":{"line":202,"column":4}}},"15":{"name":"getAddLiquidityAmount","line":204,"loc":{"start":{"line":204,"column":4},"end":{"line":215,"column":4}}},"16":{"name":"getRemoveLiquidityAmount","line":217,"loc":{"start":{"line":217,"column":4},"end":{"line":228,"column":4}}},"17":{"name":"getAmountOut","line":230,"loc":{"start":{"line":230,"column":4},"end":{"line":260,"column":4}}},"18":{"name":"_safeTransferETH","line":262,"loc":{"start":{"line":262,"column":4},"end":{"line":271,"column":4}}}},"statementMap":{"1":{"start":{"line":26,"column":8},"end":{"line":26,"column":73}},"2":{"start":{"line":31,"column":8},"end":{"line":31,"column":73}},"3":{"start":{"line":32,"column":8},"end":{"line":32,"column":67}},"4":{"start":{"line":33,"column":8},"end":{"line":33,"column":25}},"5":{"start":{"line":34,"column":8},"end":{"line":34,"column":19}},"6":{"start":{"line":35,"column":8},"end":{"line":35,"column":66}},"7":{"start":{"line":50,"column":8},"end":{"line":50,"column":60}},"8":{"start":{"line":51,"column":8},"end":{"line":51,"column":90}},"9":{"start":{"line":52,"column":8},"end":{"line":52,"column":76}},"10":{"start":{"line":53,"column":8},"end":{"line":53,"column":45}},"11":{"start":{"line":55,"column":8},"end":{"line":55,"column":73}},"12":{"start":{"line":65,"column":8},"end":{"line":65,"column":70}},"13":{"start":{"line":66,"column":8},"end":{"line":66,"column":61}},"14":{"start":{"line":67,"column":8},"end":{"line":67,"column":90}},"15":{"start":{"line":68,"column":8},"end":{"line":68,"column":46}},"16":{"start":{"line":69,"column":8},"end":{"line":69,"column":46}},"17":{"start":{"line":71,"column":8},"end":{"line":71,"column":74}},"18":{"start":{"line":82,"column":8},"end":{"line":82,"column":72}},"19":{"start":{"line":83,"column":8},"end":{"line":83,"column":60}},"20":{"start":{"line":84,"column":8},"end":{"line":84,"column":90}},"21":{"start":{"line":85,"column":8},"end":{"line":85,"column":76}},"22":{"start":{"line":86,"column":8},"end":{"line":86,"column":56}},"23":{"start":{"line":87,"column":8},"end":{"line":87,"column":38}},"24":{"start":{"line":88,"column":8},"end":{"line":88,"column":38}},"25":{"start":{"line":90,"column":8},"end":{"line":90,"column":73}},"26":{"start":{"line":99,"column":8},"end":{"line":99,"column":68}},"27":{"start":{"line":100,"column":8},"end":{"line":100,"column":41}},"28":{"start":{"line":101,"column":8},"end":{"line":101,"column":62}},"29":{"start":{"line":102,"column":8},"end":{"line":102,"column":69}},"30":{"start":{"line":103,"column":8},"end":{"line":103,"column":43}},"31":{"start":{"line":104,"column":8},"end":{"line":104,"column":55}},"32":{"start":{"line":114,"column":8},"end":{"line":114,"column":72}},"33":{"start":{"line":115,"column":8},"end":{"line":115,"column":65}},"34":{"start":{"line":123,"column":8},"end":{"line":123,"column":46}},"35":{"start":{"line":124,"column":8},"end":{"line":124,"column":67}},"36":{"start":{"line":133,"column":8},"end":{"line":133,"column":37}},"37":{"start":{"line":134,"column":8},"end":{"line":134,"column":56}},"38":{"start":{"line":135,"column":8},"end":{"line":135,"column":61}},"39":{"start":{"line":136,"column":8},"end":{"line":136,"column":93}},"40":{"start":{"line":146,"column":8},"end":{"line":146,"column":37}},"41":{"start":{"line":147,"column":8},"end":{"line":147,"column":74}},"42":{"start":{"line":148,"column":8},"end":{"line":148,"column":62}},"43":{"start":{"line":149,"column":8},"end":{"line":149,"column":83}},"44":{"start":{"line":158,"column":8},"end":{"line":158,"column":84}},"45":{"start":{"line":159,"column":8},"end":{"line":159,"column":35}},"46":{"start":{"line":160,"column":8},"end":{"line":160,"column":35}},"47":{"start":{"line":174,"column":8},"end":{"line":174,"column":37}},"48":{"start":{"line":175,"column":8},"end":{"line":175,"column":66}},"49":{"start":{"line":176,"column":8},"end":{"line":176,"column":89}},"50":{"start":{"line":177,"column":8},"end":{"line":177,"column":74}},"51":{"start":{"line":190,"column":8},"end":{"line":190,"column":36}},"52":{"start":{"line":191,"column":8},"end":{"line":191,"column":66}},"53":{"start":{"line":192,"column":8},"end":{"line":192,"column":89}},"54":{"start":{"line":193,"column":8},"end":{"line":193,"column":70}},"55":{"start":{"line":197,"column":8},"end":{"line":197,"column":6988}},"56":{"start":{"line":205,"column":8},"end":{"line":205,"column":37}},"57":{"start":{"line":207,"column":8},"end":{"line":207,"column":7346}},"58":{"start":{"line":208,"column":12},"end":{"line":208,"column":30}},"59":{"start":{"line":210,"column":12},"end":{"line":210,"column":77}},"60":{"start":{"line":211,"column":12},"end":{"line":211,"column":55}},"61":{"start":{"line":212,"column":12},"end":{"line":212,"column":77}},"62":{"start":{"line":213,"column":12},"end":{"line":213,"column":63}},"63":{"start":{"line":223,"column":8},"end":{"line":223,"column":37}},"64":{"start":{"line":224,"column":8},"end":{"line":224,"column":73}},"65":{"start":{"line":225,"column":8},"end":{"line":225,"column":59}},"66":{"start":{"line":226,"column":8},"end":{"line":226,"column":79}},"67":{"start":{"line":227,"column":8},"end":{"line":227,"column":48}},"68":{"start":{"line":235,"column":8},"end":{"line":235,"column":8392}},"69":{"start":{"line":236,"column":12},"end":{"line":236,"column":20}},"70":{"start":{"line":239,"column":8},"end":{"line":239,"column":41}},"71":{"start":{"line":241,"column":8},"end":{"line":241,"column":77}},"72":{"start":{"line":242,"column":8},"end":{"line":242,"column":29}},"73":{"start":{"line":244,"column":8},"end":{"line":244,"column":86}},"74":{"start":{"line":245,"column":8},"end":{"line":245,"column":87}},"75":{"start":{"line":246,"column":8},"end":{"line":246,"column":31}},"76":{"start":{"line":248,"column":8},"end":{"line":248,"column":83}},"77":{"start":{"line":250,"column":8},"end":{"line":250,"column":43}},"78":{"start":{"line":251,"column":8},"end":{"line":251,"column":76}},"79":{"start":{"line":253,"column":8},"end":{"line":253,"column":81}},"80":{"start":{"line":254,"column":8},"end":{"line":254,"column":85}},"81":{"start":{"line":255,"column":8},"end":{"line":255,"column":31}},"82":{"start":{"line":257,"column":8},"end":{"line":257,"column":89}},"83":{"start":{"line":258,"column":8},"end":{"line":258,"column":89}},"84":{"start":{"line":259,"column":8},"end":{"line":259,"column":33}},"85":{"start":{"line":263,"column":8},"end":{"line":263,"column":23}},"86":{"start":{"line":270,"column":8},"end":{"line":270,"column":68}}},"branchMap":{"1":{"line":26,"type":"if","locations":[{"start":{"line":26,"column":8},"end":{"line":26,"column":8}},{"start":{"line":26,"column":8},"end":{"line":26,"column":8}}]},"2":{"line":31,"type":"if","locations":[{"start":{"line":31,"column":8},"end":{"line":31,"column":8}},{"start":{"line":31,"column":8},"end":{"line":31,"column":8}}]},"3":{"line":32,"type":"if","locations":[{"start":{"line":32,"column":8},"end":{"line":32,"column":8}},{"start":{"line":32,"column":8},"end":{"line":32,"column":8}}]},"4":{"line":51,"type":"if","locations":[{"start":{"line":51,"column":8},"end":{"line":51,"column":8}},{"start":{"line":51,"column":8},"end":{"line":51,"column":8}}]},"5":{"line":65,"type":"if","locations":[{"start":{"line":65,"column":8},"end":{"line":65,"column":8}},{"start":{"line":65,"column":8},"end":{"line":65,"column":8}}]},"6":{"line":67,"type":"if","locations":[{"start":{"line":67,"column":8},"end":{"line":67,"column":8}},{"start":{"line":67,"column":8},"end":{"line":67,"column":8}}]},"7":{"line":82,"type":"if","locations":[{"start":{"line":82,"column":8},"end":{"line":82,"column":8}},{"start":{"line":82,"column":8},"end":{"line":82,"column":8}}]},"8":{"line":84,"type":"if","locations":[{"start":{"line":84,"column":8},"end":{"line":84,"column":8}},{"start":{"line":84,"column":8},"end":{"line":84,"column":8}}]},"9":{"line":99,"type":"if","locations":[{"start":{"line":99,"column":8},"end":{"line":99,"column":8}},{"start":{"line":99,"column":8},"end":{"line":99,"column":8}}]},"10":{"line":136,"type":"if","locations":[{"start":{"line":136,"column":8},"end":{"line":136,"column":8}},{"start":{"line":136,"column":8},"end":{"line":136,"column":8}}]},"11":{"line":149,"type":"if","locations":[{"start":{"line":149,"column":8},"end":{"line":149,"column":8}},{"start":{"line":149,"column":8},"end":{"line":149,"column":8}}]},"12":{"line":207,"type":"if","locations":[{"start":{"line":207,"column":8},"end":{"line":207,"column":8}},{"start":{"line":207,"column":8},"end":{"line":207,"column":8}}]},"13":{"line":235,"type":"if","locations":[{"start":{"line":235,"column":8},"end":{"line":235,"column":8}},{"start":{"line":235,"column":8},"end":{"line":235,"column":8}}]},"14":{"line":245,"type":"if","locations":[{"start":{"line":245,"column":8},"end":{"line":245,"column":8}},{"start":{"line":245,"column":8},"end":{"line":245,"column":8}}]},"15":{"line":254,"type":"if","locations":[{"start":{"line":254,"column":8},"end":{"line":254,"column":8}},{"start":{"line":254,"column":8},"end":{"line":254,"column":8}}]},"16":{"line":258,"type":"if","locations":[{"start":{"line":258,"column":8},"end":{"line":258,"column":8}},{"start":{"line":258,"column":8},"end":{"line":258,"column":8}}]},"17":{"line":270,"type":"if","locations":[{"start":{"line":270,"column":8},"end":{"line":270,"column":8}},{"start":{"line":270,"column":8},"end":{"line":270,"column":8}}]}}}}
