TN:
SF:/Users/alanguo/Documents/GitHub/revenant/singularity-v2/contracts/SingularityFactory.sol
FN:26,onlyAdmin
FN:31,constructor
FN:47,allPoolsLength
FN:51,poolCodeHash
FN:67,createPool
FN:81,setAdmin
FN:86,setOracle
FN:91,setFeeTo
FN:96,setRouter
FN:101,setProtocolFeeShare
FN:106,setOracleSens
FN:111,collectFees
FN:121,setDepositCaps
FN:134,setBaseFees
FN:148,setPaused
FN:161,setPausedForAll
FNF:16
FNH:14
FNDA:136,onlyAdmin
FNDA:66,constructor
FNDA:1,allPoolsLength
FNDA:67,poolCodeHash
FNDA:71,createPool
FNDA:2,setAdmin
FNDA:2,setOracle
FNDA:2,setFeeTo
FNDA:22,setRouter
FNDA:0,setProtocolFeeShare
FNDA:0,setOracleSens
FNDA:2,collectFees
FNDA:25,setDepositCaps
FNDA:3,setBaseFees
FNDA:1,setPaused
FNDA:4,setPausedForAll
DA:27,136
DA:28,134
DA:37,66
DA:38,66
DA:39,66
DA:40,66
DA:41,66
DA:42,66
DA:43,66
DA:44,66
DA:48,1
DA:52,67
DA:68,71
DA:69,70
DA:70,69
DA:72,68
DA:73,68
DA:74,68
DA:75,68
DA:76,68
DA:78,68
DA:82,2
DA:83,1
DA:87,2
DA:88,1
DA:92,2
DA:93,1
DA:97,22
DA:98,22
DA:102,0
DA:103,0
DA:107,0
DA:108,0
DA:112,2
DA:113,2
DA:114,6
DA:115,6
DA:116,6
DA:122,25
DA:123,25
DA:124,25
DA:125,69
DA:126,69
DA:127,69
DA:128,69
DA:129,69
DA:135,3
DA:136,2
DA:137,2
DA:138,2
DA:139,1
DA:140,1
DA:141,1
DA:142,1
DA:143,1
DA:149,1
DA:150,1
DA:151,1
DA:152,1
DA:153,1
DA:154,1
DA:155,1
DA:156,1
DA:162,4
DA:163,4
DA:164,12
DA:165,12
DA:166,12
LF:68
LH:64
BRDA:27,1,0,134
BRDA:27,1,1,2
BRDA:37,2,0,66
BRDA:37,2,1,0
BRDA:38,3,0,66
BRDA:38,3,1,0
BRDA:39,4,0,66
BRDA:39,4,1,0
BRDA:40,5,0,66
BRDA:40,5,1,0
BRDA:68,6,0,70
BRDA:68,6,1,1
BRDA:69,7,0,69
BRDA:69,7,1,1
BRDA:70,8,0,68
BRDA:70,8,1,1
BRDA:82,9,0,1
BRDA:82,9,1,1
BRDA:87,10,0,1
BRDA:87,10,1,1
BRDA:92,11,0,1
BRDA:92,11,1,1
BRDA:97,12,0,22
BRDA:97,12,1,0
BRDA:102,13,0,0
BRDA:102,13,1,0
BRDA:107,14,0,0
BRDA:107,14,1,0
BRDA:122,15,0,25
BRDA:122,15,1,0
BRDA:126,16,0,69
BRDA:126,16,1,0
BRDA:135,17,0,2
BRDA:135,17,1,1
BRDA:138,18,0,1
BRDA:138,18,1,1
BRDA:140,19,0,1
BRDA:140,19,1,0
BRDA:149,20,0,1
BRDA:149,20,1,0
BRDA:153,21,0,1
BRDA:153,21,1,0
BRF:42
BRH:28
end_of_record
TN:
SF:/Users/alanguo/Documents/GitHub/revenant/singularity-v2/contracts/SingularityOracle.sol
FN:27,constructor
FN:33,getLatestRound
FN:48,getLatestRounds
FN:67,pushPrice
FN:74,pushPrices
FN:85,setOnlyUseChainlink
FN:90,setMaxPriceTolerance
FN:96,setChainlinkFeed
FN:102,setChainlinkFeeds
FN:113,setAdmin
FN:119,setPusher
FN:124,_getChainlinkData
FNF:12
FNH:8
FNDA:66,constructor
FNDA:89,getLatestRound
FNDA:1,getLatestRounds
FNDA:95,pushPrice
FNDA:26,pushPrices
FNDA:0,setOnlyUseChainlink
FNDA:0,setMaxPriceTolerance
FNDA:92,setChainlinkFeed
FNDA:0,setChainlinkFeeds
FNDA:0,setAdmin
FNDA:22,setPusher
FNDA:89,_getChainlinkData
DA:28,66
DA:29,66
DA:34,89
DA:35,89
DA:36,89
DA:37,0
DA:40,89
DA:41,89
DA:42,89
DA:43,89
DA:44,89
DA:45,88
DA:54,1
DA:55,1
DA:56,1
DA:57,1
DA:58,2
DA:59,2
DA:60,2
DA:61,2
DA:62,2
DA:68,95
DA:69,95
DA:70,95
DA:71,95
DA:75,26
DA:76,26
DA:77,26
DA:78,95
DA:79,95
DA:80,95
DA:86,0
DA:87,0
DA:91,0
DA:92,0
DA:93,0
DA:97,92
DA:98,92
DA:99,92
DA:103,0
DA:104,0
DA:105,0
DA:106,0
DA:107,0
DA:108,0
DA:114,0
DA:115,0
DA:116,0
DA:120,22
DA:121,22
DA:125,89
DA:126,89
DA:127,89
DA:128,89
DA:129,89
DA:130,89
DA:131,89
DA:133,0
DA:136,89
LF:59
LH:43
BRDA:28,1,0,66
BRDA:28,1,1,0
BRDA:35,2,0,89
BRDA:35,2,1,0
BRDA:36,3,0,0
BRDA:36,3,1,89
BRDA:44,4,0,88
BRDA:44,4,1,1
BRDA:68,5,0,95
BRDA:68,5,1,0
BRDA:69,6,0,95
BRDA:69,6,1,0
BRDA:75,7,0,26
BRDA:75,7,1,0
BRDA:86,8,0,0
BRDA:86,8,1,0
BRDA:91,9,0,0
BRDA:91,9,1,0
BRDA:92,10,0,0
BRDA:92,10,1,0
BRDA:97,11,0,92
BRDA:97,11,1,0
BRDA:98,12,0,92
BRDA:98,12,1,0
BRDA:103,13,0,0
BRDA:103,13,1,0
BRDA:114,14,0,0
BRDA:114,14,1,0
BRDA:115,15,0,0
BRDA:115,15,1,0
BRDA:120,16,0,22
BRDA:120,16,1,0
BRDA:125,17,0,89
BRDA:125,17,1,0
BRDA:130,18,0,89
BRDA:130,18,1,0
BRF:36
BRH:13
end_of_record
TN:
SF:/Users/alanguo/Documents/GitHub/revenant/singularity-v2/contracts/SingularityPool.sol
FN:32,notPaused
FN:37,onlyFactory
FN:42,onlyRouter
FN:47,constructor
FN:62,deposit
FN:107,withdraw
FN:140,swapIn
FN:176,swapOut
FN:210,getPricePerShare
FN:221,getAssetsAndLiabilities
FN:228,getCollateralizationRatio
FN:240,getOracleData
FN:249,getAmountToUSD
FN:265,getUSDToAmount
FN:281,getDepositFee
FN:309,getWithdrawalFee
FN:340,getSlippageIn
FN:361,getSlippageOut
FN:383,getTradingFeeRate
FN:412,getTradingFees
FN:445,_getG
FN:460,_calcCollatalizationRatio
FN:474,collectFees
FN:483,setDepositCap
FN:488,setBaseFee
FN:493,setPaused
FNF:26
FNH:26
FNDA:56,notPaused
FNDA:89,onlyFactory
FNDA:15,onlyRouter
FNDA:68,constructor
FNDA:27,deposit
FNDA:12,withdraw
FNDA:8,swapIn
FNDA:7,swapOut
FNDA:39,getPricePerShare
FNDA:141,getAssetsAndLiabilities
FNDA:74,getCollateralizationRatio
FNDA:86,getOracleData
FNDA:32,getAmountToUSD
FNDA:32,getUSDToAmount
FNDA:5,getDepositFee
FNDA:12,getWithdrawalFee
FNDA:32,getSlippageIn
FNDA:33,getSlippageOut
FNDA:67,getTradingFeeRate
FNDA:63,getTradingFees
FNDA:133,_getG
FNDA:65,_calcCollatalizationRatio
FNDA:6,collectFees
FNDA:69,setDepositCap
FNDA:1,setBaseFee
FNDA:13,setPaused
DA:33,56
DA:34,54
DA:38,89
DA:39,89
DA:43,15
DA:44,15
DA:48,68
DA:49,68
DA:50,68
DA:51,68
DA:52,68
DA:53,68
DA:54,68
DA:63,27
DA:64,26
DA:67,25
DA:69,25
DA:70,22
DA:73,22
DA:76,22
DA:77,22
DA:80,3
DA:81,3
DA:82,3
DA:85,3
DA:88,3
DA:91,3
DA:92,3
DA:95,25
DA:110,12
DA:113,11
DA:116,11
DA:119,11
DA:122,11
DA:123,11
DA:124,11
DA:127,11
DA:130,11
DA:131,11
DA:133,11
DA:141,8
DA:144,7
DA:147,7
DA:150,7
DA:153,7
DA:154,7
DA:155,7
DA:156,7
DA:157,7
DA:158,7
DA:161,7
DA:163,7
DA:179,7
DA:182,7
DA:185,7
DA:186,7
DA:187,7
DA:190,7
DA:191,7
DA:192,7
DA:193,7
DA:194,7
DA:195,7
DA:198,7
DA:201,7
DA:203,7
DA:211,39
DA:212,1
DA:214,38
DA:222,141
DA:229,74
DA:230,1
DA:232,73
DA:233,73
DA:241,86
DA:242,85
DA:250,32
DA:252,32
DA:253,32
DA:254,32
DA:255,32
DA:257,0
DA:266,32
DA:268,32
DA:269,32
DA:270,32
DA:271,32
DA:273,0
DA:282,5
DA:284,4
DA:285,4
DA:286,3
DA:289,1
DA:290,1
DA:291,1
DA:292,1
DA:294,1
DA:295,1
DA:298,1
DA:299,1
DA:300,1
DA:302,0
DA:310,12
DA:312,7
DA:313,7
DA:314,5
DA:317,2
DA:318,2
DA:319,2
DA:323,2
DA:325,2
DA:326,2
DA:329,2
DA:330,2
DA:331,2
DA:333,0
DA:341,32
DA:343,31
DA:344,31
DA:345,31
DA:346,31
DA:347,0
DA:351,31
DA:352,31
DA:355,31
DA:362,33
DA:363,32
DA:365,31
DA:366,31
DA:367,31
DA:368,31
DA:369,0
DA:373,31
DA:374,31
DA:377,31
DA:384,67
DA:385,47
DA:387,20
DA:388,20
DA:389,20
DA:390,20
DA:393,1
DA:397,1
DA:401,18
DA:422,63
DA:424,63
DA:425,63
DA:426,0
DA:428,63
DA:429,63
DA:430,63
DA:431,63
DA:446,133
DA:447,1
DA:451,132
DA:452,5
DA:455,127
DA:456,127
DA:457,127
DA:465,65
DA:466,0
DA:468,65
DA:475,6
DA:477,4
DA:478,4
DA:480,4
DA:484,69
DA:485,69
DA:489,1
DA:490,1
DA:494,13
DA:495,13
LF:172
LH:164
BRDA:33,1,0,54
BRDA:33,1,1,2
BRDA:38,2,0,89
BRDA:38,2,1,0
BRDA:43,3,0,15
BRDA:43,3,1,0
BRDA:63,4,0,26
BRDA:63,4,1,1
BRDA:64,5,0,25
BRDA:64,5,1,1
BRDA:69,6,0,22
BRDA:69,6,1,3
BRDA:110,7,0,11
BRDA:110,7,1,1
BRDA:141,8,0,7
BRDA:141,8,1,1
BRDA:154,9,0,7
BRDA:154,9,1,0
BRDA:179,10,0,7
BRDA:179,10,1,0
BRDA:186,11,0,7
BRDA:186,11,1,0
BRDA:191,12,0,7
BRDA:191,12,1,0
BRDA:211,13,0,1
BRDA:211,13,1,38
BRDA:229,14,0,1
BRDA:229,14,1,73
BRDA:242,15,0,85
BRDA:242,15,1,0
BRDA:250,16,0,0
BRDA:250,16,1,32
BRDA:254,17,0,32
BRDA:254,17,1,0
BRDA:266,18,0,0
BRDA:266,18,1,32
BRDA:270,19,0,32
BRDA:270,19,1,0
BRDA:282,20,0,1
BRDA:282,20,1,4
BRDA:285,21,0,3
BRDA:285,21,1,1
BRDA:298,22,0,1
BRDA:298,22,1,0
BRDA:300,23,0,1
BRDA:300,23,1,0
BRDA:310,24,0,5
BRDA:310,24,1,7
BRDA:313,25,0,5
BRDA:313,25,1,2
BRDA:329,26,0,2
BRDA:329,26,1,0
BRDA:331,27,0,2
BRDA:331,27,1,0
BRDA:341,28,0,1
BRDA:341,28,1,31
BRDA:346,29,0,0
BRDA:346,29,1,31
BRDA:362,30,0,1
BRDA:362,30,1,32
BRDA:363,31,0,31
BRDA:363,31,1,1
BRDA:368,32,0,0
BRDA:368,32,1,31
BRDA:384,33,0,47
BRDA:384,33,1,20
BRDA:390,34,0,1
BRDA:390,34,1,19
BRDA:394,35,0,1
BRDA:394,35,1,18
BRDA:422,36,0,0
BRDA:422,36,1,63
BRDA:425,37,0,0
BRDA:425,37,1,63
BRDA:446,38,0,1
BRDA:446,38,1,132
BRDA:451,39,0,5
BRDA:451,39,1,127
BRDA:465,40,0,0
BRDA:465,40,1,65
BRDA:475,41,0,2
BRDA:475,41,1,4
BRF:82
BRH:62
end_of_record
TN:
SF:/Users/alanguo/Documents/GitHub/revenant/singularity-v2/contracts/SingularityPoolToken.sol
FN:27,_initialize
FN:32,approve
FN:40,transfer
FN:54,transferFrom
FN:76,permit
FN:121,DOMAIN_SEPARATOR
FN:125,computeDomainSeparator
FN:138,_mint
FN:150,_burn
FNF:9
FNH:9
FNDA:68,_initialize
FNDA:66,approve
FNDA:1,transfer
FNDA:12,transferFrom
FNDA:3,permit
FNDA:3,DOMAIN_SEPARATOR
FNDA:68,computeDomainSeparator
FNDA:25,_mint
FNDA:11,_burn
DA:28,68
DA:29,68
DA:33,66
DA:35,66
DA:37,66
DA:41,1
DA:45,1
DA:46,1
DA:49,1
DA:51,1
DA:59,12
DA:61,12
DA:63,11
DA:67,11
DA:68,11
DA:71,11
DA:73,11
DA:85,3
DA:89,2
DA:90,2
DA:109,2
DA:110,2
DA:115,2
DA:118,2
DA:122,3
DA:126,68
DA:139,25
DA:143,25
DA:144,25
DA:147,25
DA:151,11
DA:155,11
DA:156,11
DA:159,11
LF:34
LH:34
BRDA:61,1,0,1
BRDA:61,1,1,11
BRDA:85,2,0,2
BRDA:85,2,1,1
BRDA:110,3,0,2
BRDA:110,3,1,0
BRF:6
BRH:5
end_of_record
TN:
SF:/Users/alanguo/Documents/GitHub/revenant/singularity-v2/contracts/SingularityRouter.sol
FN:25,ensure
FN:30,constructor
FN:49,swapExactTokensForTokens
FN:64,swapExactETHForTokens
FN:81,swapExactTokensForETH
FN:93,_swap
FN:113,addLiquidity
FN:122,addLiquidityETH
FN:127,_addLiquidity
FN:145,removeLiquidity
FN:157,removeLiquidityETH
FN:163,removeLiquidityWithPermit
FN:180,removeLiquidityETHWithPermit
FN:196,poolFor
FN:204,getAddLiquidityAmount
FN:217,getRemoveLiquidityAmount
FN:230,getAmountOut
FN:262,_safeTransferETH
FNF:18
FNH:18
FNDA:51,ensure
FNDA:66,constructor
FNDA:6,swapExactTokensForTokens
FNDA:2,swapExactETHForTokens
FNDA:2,swapExactTokensForETH
FNDA:8,_swap
FNDA:25,addLiquidity
FNDA:3,addLiquidityETH
FNDA:28,_addLiquidity
FNDA:11,removeLiquidity
FNDA:2,removeLiquidityETH
FNDA:1,removeLiquidityWithPermit
FNDA:1,removeLiquidityETHWithPermit
FNDA:108,poolFor
FNDA:2,getAddLiquidityAmount
FNDA:1,getRemoveLiquidityAmount
FNDA:25,getAmountOut
FNDA:3,_safeTransferETH
DA:26,51
DA:27,51
DA:31,66
DA:32,66
DA:33,66
DA:34,66
DA:35,66
DA:39,3
DA:50,6
DA:51,6
DA:52,6
DA:53,6
DA:55,5
DA:65,2
DA:66,1
DA:67,1
DA:68,1
DA:69,1
DA:71,1
DA:82,2
DA:83,1
DA:84,1
DA:85,1
DA:86,1
DA:87,1
DA:88,1
DA:90,1
DA:99,8
DA:100,8
DA:101,8
DA:102,8
DA:103,7
DA:104,7
DA:114,25
DA:115,25
DA:123,3
DA:124,3
DA:133,28
DA:134,28
DA:135,28
DA:136,25
DA:146,11
DA:147,11
DA:148,11
DA:149,9
DA:158,2
DA:159,2
DA:160,2
DA:174,1
DA:175,1
DA:176,1
DA:177,1
DA:190,1
DA:191,1
DA:192,1
DA:193,1
DA:197,108
DA:205,2
DA:207,2
DA:208,1
DA:210,1
DA:211,1
DA:212,1
DA:213,1
DA:223,1
DA:224,1
DA:225,1
DA:226,1
DA:227,1
DA:235,25
DA:236,1
DA:239,24
DA:241,24
DA:242,24
DA:244,24
DA:245,24
DA:246,24
DA:248,24
DA:250,24
DA:251,24
DA:253,24
DA:254,24
DA:255,24
DA:257,24
DA:258,24
DA:259,24
DA:263,3
DA:265,3
DA:270,3
LF:89
LH:89
BRDA:26,1,0,51
BRDA:26,1,1,0
BRDA:31,2,0,66
BRDA:31,2,1,0
BRDA:32,3,0,66
BRDA:32,3,1,0
BRDA:51,4,0,6
BRDA:51,4,1,0
BRDA:65,5,0,1
BRDA:65,5,1,1
BRDA:67,6,0,1
BRDA:67,6,1,0
BRDA:82,7,0,1
BRDA:82,7,1,1
BRDA:84,8,0,1
BRDA:84,8,1,0
BRDA:99,9,0,8
BRDA:99,9,1,0
BRDA:136,10,0,24
BRDA:136,10,1,1
BRDA:149,11,0,8
BRDA:149,11,1,1
BRDA:207,12,0,1
BRDA:207,12,1,1
BRDA:235,13,0,1
BRDA:235,13,1,24
BRDA:245,14,0,24
BRDA:245,14,1,0
BRDA:254,15,0,24
BRDA:254,15,1,0
BRDA:258,16,0,24
BRDA:258,16,1,0
BRDA:270,17,0,3
BRDA:270,17,1,0
BRF:34
BRH:23
end_of_record
