TN:
SF:c:\Github\revenant\singularity-v2\contracts\SingularityFactory.sol
FN:31,onlyAdmin
FN:36,constructor
FN:47,allPoolsLength
FN:51,poolInitCodeHash
FN:67,createPool
FN:80,setAdmin
FN:85,setOracle
FN:90,setFeeTo
FN:95,setRouter
FN:100,collectFees
FN:106,setDepositCaps
FN:113,setBaseFees
FN:121,setPaused
FN:128,setPausedForAll
FNF:14
FNH:8
FNDA:77,onlyAdmin
FNDA:39,constructor
FNDA:0,allPoolsLength
FNDA:1,poolInitCodeHash
FNDA:43,createPool
FNDA:0,setAdmin
FNDA:0,setOracle
FNDA:0,setFeeTo
FNDA:13,setRouter
FNDA:1,collectFees
FNDA:15,setDepositCaps
FNDA:0,setBaseFees
FNDA:0,setPaused
FNDA:4,setPausedForAll
DA:32,77
DA:33,76
DA:37,39
DA:38,39
DA:39,39
DA:40,39
DA:41,39
DA:42,39
DA:43,39
DA:44,39
DA:48,0
DA:52,1
DA:68,43
DA:69,43
DA:70,42
DA:71,41
DA:72,40
DA:73,40
DA:74,40
DA:75,40
DA:76,40
DA:77,40
DA:81,0
DA:82,0
DA:86,0
DA:87,0
DA:91,0
DA:92,0
DA:96,13
DA:97,13
DA:101,1
DA:102,3
DA:107,15
DA:108,15
DA:109,41
DA:114,0
DA:115,0
DA:116,0
DA:117,0
DA:122,0
DA:123,0
DA:124,0
DA:129,4
DA:130,12
LF:44
LH:30
BRDA:32,1,0,76
BRDA:32,1,1,1
BRDA:37,2,0,39
BRDA:37,2,1,0
BRDA:38,3,0,39
BRDA:38,3,1,0
BRDA:39,4,0,39
BRDA:39,4,1,0
BRDA:40,5,0,39
BRDA:40,5,1,0
BRDA:68,6,0,43
BRDA:68,6,1,0
BRDA:69,7,0,42
BRDA:69,7,1,1
BRDA:70,8,0,41
BRDA:70,8,1,1
BRDA:71,9,0,40
BRDA:71,9,1,1
BRDA:81,10,0,0
BRDA:81,10,1,0
BRDA:86,11,0,0
BRDA:86,11,1,0
BRDA:91,12,0,0
BRDA:91,12,1,0
BRDA:96,13,0,13
BRDA:96,13,1,0
BRDA:107,14,0,15
BRDA:107,14,1,0
BRDA:114,15,0,0
BRDA:114,15,1,0
BRDA:116,16,0,0
BRDA:116,16,1,0
BRDA:122,17,0,0
BRDA:122,17,1,0
BRF:34
BRH:15
end_of_record
TN:
SF:c:\Github\revenant\singularity-v2\contracts\SingularityOracle.sol
FN:23,constructor
FN:30,getLatestRound
FN:36,getLatestRounds
FN:44,pushPrice
FN:50,pushPrices
FN:57,setAdmin
FN:63,setPusher
FNF:7
FNH:5
FNDA:39,constructor
FNDA:48,getLatestRound
FNDA:0,getLatestRounds
FNDA:54,pushPrice
FNDA:15,pushPrices
FNDA:0,setAdmin
FNDA:13,setPusher
DA:24,39
DA:25,39
DA:31,48
DA:32,48
DA:33,48
DA:37,0
DA:38,0
DA:39,0
DA:40,0
DA:45,54
DA:46,54
DA:47,54
DA:51,15
DA:52,15
DA:53,54
DA:58,0
DA:59,0
DA:60,0
DA:64,13
DA:65,13
LF:20
LH:13
BRDA:24,1,0,39
BRDA:24,1,1,0
BRDA:45,2,0,54
BRDA:45,2,1,0
BRDA:51,3,0,15
BRDA:51,3,1,0
BRDA:58,4,0,0
BRDA:58,4,1,0
BRDA:59,5,0,0
BRDA:59,5,1,0
BRDA:64,6,0,13
BRDA:64,6,1,0
BRF:12
BRH:4
end_of_record
TN:
SF:c:\Github\revenant\singularity-v2\contracts\SingularityPool.sol
FN:36,notPaused
FN:41,onlyFactory
FN:46,onlyRouter
FN:51,constructor
FN:70,getAssetsAndLiabilities
FN:75,getCollateralizationRatio
FN:83,getPricePerShare
FN:91,getOracleData
FN:100,getAmountToUSD
FN:114,getUSDToAmount
FN:124,getLpFeeRate
FN:131,getDepositFee
FN:145,getWithdrawFee
FN:165,getSlippage
FN:181,getTradingFees
FN:201,deposit
FN:219,withdraw
FN:232,swapIn
FN:252,swapOut
FN:272,_calcCollatalizationRatio
FN:282,collectFees
FN:290,setDepositCap
FN:294,setBaseFee
FN:298,setPaused
FNF:24
FNH:22
FNDA:34,notPaused
FNDA:56,onlyFactory
FNDA:35,onlyRouter
FNDA:40,constructor
FNDA:14,getAssetsAndLiabilities
FNDA:3,getCollateralizationRatio
FNDA:9,getPricePerShare
FNDA:48,getOracleData
FNDA:12,getAmountToUSD
FNDA:12,getUSDToAmount
FNDA:0,getLpFeeRate
FNDA:16,getDepositFee
FNDA:5,getWithdrawFee
FNDA:22,getSlippage
FNDA:22,getTradingFees
FNDA:18,deposit
FNDA:6,withdraw
FNDA:4,swapIn
FNDA:4,swapOut
FNDA:43,_calcCollatalizationRatio
FNDA:3,collectFees
FNDA:41,setDepositCap
FNDA:0,setBaseFee
FNDA:12,setPaused
DA:37,34
DA:38,32
DA:42,56
DA:43,56
DA:47,35
DA:48,34
DA:52,40
DA:53,40
DA:54,40
DA:55,40
DA:56,40
DA:61,40
DA:66,40
DA:67,40
DA:71,14
DA:72,14
DA:76,3
DA:77,1
DA:79,2
DA:84,9
DA:85,6
DA:87,3
DA:92,48
DA:93,48
DA:101,12
DA:102,12
DA:103,12
DA:104,11
DA:106,1
DA:115,12
DA:116,12
DA:117,12
DA:118,11
DA:120,1
DA:125,0
DA:126,0
DA:127,0
DA:128,0
DA:132,16
DA:133,16
DA:134,16
DA:135,16
DA:137,0
DA:139,16
DA:140,16
DA:141,16
DA:142,16
DA:146,5
DA:147,5
DA:148,5
DA:149,5
DA:151,0
DA:154,5
DA:155,5
DA:156,0
DA:158,5
DA:160,5
DA:161,5
DA:162,5
DA:166,22
DA:167,22
DA:168,22
DA:169,11
DA:171,6
DA:172,6
DA:173,6
DA:174,6
DA:176,5
DA:178,22
DA:182,22
DA:183,22
DA:184,0
DA:186,22
DA:187,22
DA:188,22
DA:189,0
DA:191,22
DA:195,22
DA:196,22
DA:197,22
DA:198,22
DA:202,18
DA:203,17
DA:204,16
DA:205,16
DA:206,15
DA:208,1
DA:210,16
DA:211,16
DA:212,16
DA:213,16
DA:214,16
DA:215,16
DA:216,16
DA:220,6
DA:221,5
DA:222,5
DA:223,5
DA:224,5
DA:225,5
DA:226,5
DA:227,5
DA:228,5
DA:229,5
DA:233,4
DA:234,4
DA:237,4
DA:238,4
DA:242,4
DA:243,4
DA:244,4
DA:245,4
DA:246,4
DA:247,4
DA:248,4
DA:249,4
DA:253,4
DA:254,4
DA:257,4
DA:258,4
DA:262,4
DA:263,4
DA:264,4
DA:265,4
DA:266,4
DA:267,4
DA:268,4
DA:269,4
DA:273,43
DA:274,5
DA:276,38
DA:283,3
DA:284,2
DA:285,2
DA:286,2
DA:291,41
DA:295,0
DA:299,12
LF:138
LH:128
BRDA:37,1,0,32
BRDA:37,1,1,2
BRDA:42,2,0,56
BRDA:42,2,1,0
BRDA:47,3,0,34
BRDA:47,3,1,1
BRDA:76,4,0,1
BRDA:76,4,1,2
BRDA:84,5,0,6
BRDA:84,5,1,3
BRDA:93,6,0,47
BRDA:93,6,1,1
BRDA:103,7,0,11
BRDA:103,7,1,1
BRDA:117,8,0,11
BRDA:117,8,1,1
BRDA:134,9,0,16
BRDA:134,9,1,0
BRDA:142,10,0,0
BRDA:142,10,1,16
BRDA:148,11,0,5
BRDA:148,11,1,0
BRDA:155,12,0,0
BRDA:155,12,1,5
BRDA:162,13,0,0
BRDA:162,13,1,5
BRDA:168,14,0,11
BRDA:168,14,1,11
BRDA:170,15,0,6
BRDA:170,15,1,5
BRDA:183,16,0,0
BRDA:183,16,1,22
BRDA:188,17,0,0
BRDA:188,17,1,22
BRDA:202,18,0,17
BRDA:202,18,1,1
BRDA:203,19,0,16
BRDA:203,19,1,1
BRDA:205,20,0,15
BRDA:205,20,1,1
BRDA:220,21,0,5
BRDA:220,21,1,1
BRDA:233,22,0,4
BRDA:233,22,1,0
BRDA:253,23,0,4
BRDA:253,23,1,0
BRDA:273,24,0,5
BRDA:273,24,1,38
BRDA:283,25,0,2
BRDA:283,25,1,1
BRF:50
BRH:40
end_of_record
TN:
SF:c:\Github\revenant\singularity-v2\contracts\SingularityPoolToken.sol
FN:26,_initialize
FN:31,approve
FN:39,transfer
FN:53,transferFrom
FN:71,permit
FN:105,DOMAIN_SEPARATOR
FN:109,computeDomainSeparator
FN:122,_mint
FN:134,_burn
FNF:9
FNH:9
FNDA:40,_initialize
FNDA:39,approve
FNDA:1,transfer
FNDA:8,transferFrom
FNDA:3,permit
FNDA:3,DOMAIN_SEPARATOR
FNDA:40,computeDomainSeparator
FNDA:16,_mint
FNDA:5,_burn
DA:27,40
DA:28,40
DA:32,39
DA:34,39
DA:36,39
DA:40,1
DA:44,1
DA:48,1
DA:50,1
DA:54,8
DA:56,8
DA:58,7
DA:62,7
DA:66,7
DA:68,7
DA:72,3
DA:76,2
DA:102,2
DA:106,3
DA:110,40
DA:123,16
DA:127,16
DA:131,16
DA:135,5
DA:139,5
DA:143,5
LF:26
LH:26
BRDA:56,1,0,1
BRDA:56,1,1,7
BRDA:72,2,0,2
BRDA:72,2,1,1
BRF:4
BRH:4
end_of_record
TN:
SF:c:\Github\revenant\singularity-v2\contracts\SingularityRouter.sol
FN:22,ensure
FN:27,constructor
FN:36,poolFor
FN:46,getAssetsAndLiabilities
FN:51,getAmountOut
FN:77,swapExactTokensForTokens
FN:90,swapExactETHForTokens
FN:105,swapExactTokensForETH
FN:115,_swap
FN:129,addLiquidity
FN:138,addLiquidityETH
FN:143,_addLiquidity
FN:161,removeLiquidity
FN:173,removeLiquidityETH
FN:179,removeLiquidityWithPermit
FN:193,removeLiquidityETHWithPermit
FN:206,_safeTransferETH
FNF:17
FNH:17
FNDA:32,ensure
FNDA:39,constructor
FNDA:65,poolFor
FNDA:14,getAssetsAndLiabilities
FNDA:7,getAmountOut
FNDA:2,swapExactTokensForTokens
FNDA:1,swapExactETHForTokens
FNDA:1,swapExactTokensForETH
FNDA:4,_swap
FNDA:16,addLiquidity
FNDA:3,addLiquidityETH
FNDA:19,_addLiquidity
FNDA:7,removeLiquidity
FNDA:2,removeLiquidityETH
FNDA:1,removeLiquidityWithPermit
FNDA:1,removeLiquidityETHWithPermit
FNDA:3,_safeTransferETH
DA:23,32
DA:24,32
DA:28,39
DA:29,39
DA:33,3
DA:37,65
DA:43,65
DA:47,14
DA:48,14
DA:52,7
DA:53,7
DA:54,7
DA:55,7
DA:56,7
DA:57,7
DA:58,7
DA:59,7
DA:61,7
DA:62,7
DA:63,7
DA:64,7
DA:65,7
DA:66,7
DA:67,7
DA:78,2
DA:79,2
DA:80,2
DA:81,2
DA:91,1
DA:92,1
DA:93,1
DA:94,1
DA:95,1
DA:106,1
DA:107,1
DA:108,1
DA:109,1
DA:110,1
DA:111,1
DA:112,1
DA:116,4
DA:117,4
DA:118,4
DA:119,4
DA:120,4
DA:130,16
DA:131,16
DA:139,3
DA:140,3
DA:149,19
DA:150,19
DA:151,19
DA:152,16
DA:162,7
DA:163,7
DA:164,7
DA:165,5
DA:174,2
DA:175,2
DA:176,2
DA:187,1
DA:188,1
DA:189,1
DA:190,1
DA:200,1
DA:201,1
DA:202,1
DA:203,1
DA:207,3
DA:209,3
DA:214,3
LF:71
LH:71
BRDA:23,1,0,32
BRDA:23,1,1,0
BRDA:43,2,0,65
BRDA:43,2,1,0
BRDA:52,3,0,7
BRDA:52,3,1,0
BRDA:79,4,0,2
BRDA:79,4,1,0
BRDA:91,5,0,1
BRDA:91,5,1,0
BRDA:93,6,0,1
BRDA:93,6,1,0
BRDA:106,7,0,1
BRDA:106,7,1,0
BRDA:108,8,0,1
BRDA:108,8,1,0
BRDA:152,9,0,15
BRDA:152,9,1,1
BRDA:165,10,0,4
BRDA:165,10,1,1
BRDA:214,11,0,3
BRDA:214,11,1,0
BRF:22
BRH:13
end_of_record
